I1026 21:09:40.126621    1204 load.go:31] Reloading schema and connectors...
I1026 21:09:40.225192    1204 control.go:94] [/emulator/studio f835] UpdateResources(): done
Main schema: sources: schema/schema.gql [2087B] 
Connector "default": sources: connector/mutations.gql [1233B] connector/queries.gql [1802B] 
I1026 21:09:40.303430    1204 codegen.go:82] [connector "default" javascriptSdk] Generating sources into "/home/user/studio/dataconnect-generated/js/default-connector"
I1026 21:09:40.327339    1204 collector.go:107] schema extensions wrote into "/home/user/studio/dataconnect/.dataconnect/schema"
Generated sources: prelude.gql [73219B] 
I1026 21:09:40.330627    1204 collector.go:107] connector "default" javascriptSdk wrote into "/home/user/studio/dataconnect-generated/js/default-connector"
Generated sources: react/README.md [5474B] esm/index.esm.js [109B] esm/package.json [17B] README.md [2896B] react/esm/package.json [17B] .guides/usage.md [1334B] .guides/setup.md [1690B] index.d.ts [248B] index.cjs.js [144B] package.json [871B] react/index.d.ts [228B] react/package.json [468B] react/index.cjs.js [0B] react/esm/index.esm.js [0B] 
I1026 21:09:40.346477    1204 installsdk.go:55] Package @firebasegen/default-connector is already installed. Skipping installation
I1026 21:09:40.346518    1204 load.go:109] Finished reloading
I1026 21:09:40.362056    1204 dev.go:102] Listening on address (HTTP + gRPC): 127.0.0.1:50001
I1026 21:09:40.559852    1204 engine.go:169] [/emulator/studio f835] ExecuteGraphqlRead IntrospectionQuery: succeeded. 
E1026 21:18:50.357914    1204 watch.go:31] Failed to load config from "/home/user/studio/dataconnect": location is required in dataconnect.yaml at `/home/user/studio/dataconnect.yaml`
E1026 21:19:00.360540    1204 watch.go:31] Failed to load config from "/home/user/studio/dataconnect": location is required in dataconnect.yaml at `/home/user/studio/dataconnect.yaml`
E1026 21:19:10.350839    1204 watch.go:31] Failed to load config from "/home/user/studio/dataconnect": location is required in dataconnect.yaml at `/home/user/studio/dataconnect.yaml`
E1026 21:19:20.358959    1204 watch.go:31] Failed to load config from "/home/user/studio/dataconnect": location is required in dataconnect.yaml at `/home/user/studio/dataconnect.yaml`
E1026 21:19:30.358862    1204 watch.go:31] Failed to load config from "/home/user/studio/dataconnect": location is required in dataconnect.yaml at `/home/user/studio/dataconnect.yaml`
E1026 21:19:40.350156    1204 watch.go:31] Failed to load config from "/home/user/studio/dataconnect": location is required in dataconnect.yaml at `/home/user/studio/dataconnect.yaml`
E1026 21:19:40.350214    1204 watch.go:102] watchAllDir unable to walk dir `/home/user/studio/dataconnect`: lstat /home/user/studio/dataconnect: no such file or directory
E1026 21:19:50.359533    1204 watch.go:31] Failed to load config from "/home/user/studio/dataconnect": location is required in dataconnect.yaml at `/home/user/studio/dataconnect.yaml`
E1026 21:20:00.359624    1204 watch.go:31] Failed to load config from "/home/user/studio/dataconnect": location is required in dataconnect.yaml at `/home/user/studio/dataconnect.yaml`
E1026 21:20:10.350316    1204 watch.go:31] Failed to load config from "/home/user/studio/dataconnect": location is required in dataconnect.yaml at `/home/user/studio/dataconnect.yaml`
E1026 21:20:20.350373    1204 watch.go:31] Failed to load config from "/home/user/studio/dataconnect": location is required in dataconnect.yaml at `/home/user/studio/dataconnect.yaml`
E1026 21:20:30.350433    1204 watch.go:31] Failed to load config from "/home/user/studio/dataconnect": location is required in dataconnect.yaml at `/home/user/studio/dataconnect.yaml`
E1026 21:20:40.349963    1204 watch.go:31] Failed to load config from "/home/user/studio/dataconnect": location is required in dataconnect.yaml at `/home/user/studio/dataconnect.yaml`
E1026 21:20:50.358944    1204 watch.go:31] Failed to load config from "/home/user/studio/dataconnect": location is required in dataconnect.yaml at `/home/user/studio/dataconnect.yaml`
E1026 21:21:00.358971    1204 watch.go:31] Failed to load config from "/home/user/studio/dataconnect": location is required in dataconnect.yaml at `/home/user/studio/dataconnect.yaml`
E1026 21:21:10.350481    1204 watch.go:31] Failed to load config from "/home/user/studio/dataconnect": location is required in dataconnect.yaml at `/home/user/studio/dataconnect.yaml`
E1026 21:21:20.359566    1204 watch.go:31] Failed to load config from "/home/user/studio/dataconnect": location is required in dataconnect.yaml at `/home/user/studio/dataconnect.yaml`
E1026 21:21:30.359657    1204 watch.go:31] Failed to load config from "/home/user/studio/dataconnect": location is required in dataconnect.yaml at `/home/user/studio/dataconnect.yaml`
E1026 21:21:40.353918    1204 watch.go:31] Failed to load config from "/home/user/studio/dataconnect": location is required in dataconnect.yaml at `/home/user/studio/dataconnect.yaml`
E1026 21:21:40.353982    1204 watch.go:102] watchAllDir unable to walk dir `/home/user/studio/dataconnect`: lstat /home/user/studio/dataconnect: no such file or directory
E1026 21:21:50.358920    1204 watch.go:31] Failed to load config from "/home/user/studio/dataconnect": location is required in dataconnect.yaml at `/home/user/studio/dataconnect.yaml`
E1026 21:22:00.358882    1204 watch.go:31] Failed to load config from "/home/user/studio/dataconnect": location is required in dataconnect.yaml at `/home/user/studio/dataconnect.yaml`
E1026 21:22:10.350307    1204 watch.go:31] Failed to load config from "/home/user/studio/dataconnect": location is required in dataconnect.yaml at `/home/user/studio/dataconnect.yaml`
E1026 21:22:20.358522    1204 watch.go:31] Failed to load config from "/home/user/studio/dataconnect": location is required in dataconnect.yaml at `/home/user/studio/dataconnect.yaml`
E1026 21:22:30.350362    1204 watch.go:31] Failed to load config from "/home/user/studio/dataconnect": location is required in dataconnect.yaml at `/home/user/studio/dataconnect.yaml`
E1026 21:22:40.350467    1204 watch.go:31] Failed to load config from "/home/user/studio/dataconnect": location is required in dataconnect.yaml at `/home/user/studio/dataconnect.yaml`
E1026 21:22:50.358794    1204 watch.go:31] Failed to load config from "/home/user/studio/dataconnect": location is required in dataconnect.yaml at `/home/user/studio/dataconnect.yaml`
E1026 21:23:00.355434    1204 watch.go:31] Failed to load config from "/home/user/studio/dataconnect": location is required in dataconnect.yaml at `/home/user/studio/dataconnect.yaml`
E1026 21:23:10.350453    1204 watch.go:31] Failed to load config from "/home/user/studio/dataconnect": location is required in dataconnect.yaml at `/home/user/studio/dataconnect.yaml`
E1026 21:23:20.358905    1204 watch.go:31] Failed to load config from "/home/user/studio/dataconnect": location is required in dataconnect.yaml at `/home/user/studio/dataconnect.yaml`
E1026 21:23:30.357906    1204 watch.go:31] Failed to load config from "/home/user/studio/dataconnect": location is required in dataconnect.yaml at `/home/user/studio/dataconnect.yaml`
E1026 21:23:40.349849    1204 watch.go:31] Failed to load config from "/home/user/studio/dataconnect": location is required in dataconnect.yaml at `/home/user/studio/dataconnect.yaml`
E1026 21:23:40.349904    1204 watch.go:102] watchAllDir unable to walk dir `/home/user/studio/dataconnect`: lstat /home/user/studio/dataconnect: no such file or directory
E1026 21:23:50.359193    1204 watch.go:31] Failed to load config from "/home/user/studio/dataconnect": location is required in dataconnect.yaml at `/home/user/studio/dataconnect.yaml`
E1026 21:24:00.355467    1204 watch.go:31] Failed to load config from "/home/user/studio/dataconnect": location is required in dataconnect.yaml at `/home/user/studio/dataconnect.yaml`
E1026 21:24:10.349838    1204 watch.go:31] Failed to load config from "/home/user/studio/dataconnect": location is required in dataconnect.yaml at `/home/user/studio/dataconnect.yaml`
E1026 21:24:20.351149    1204 watch.go:31] Failed to load config from "/home/user/studio/dataconnect": location is required in dataconnect.yaml at `/home/user/studio/dataconnect.yaml`
E1026 21:24:30.354073    1204 watch.go:31] Failed to load config from "/home/user/studio/dataconnect": location is required in dataconnect.yaml at `/home/user/studio/dataconnect.yaml`
E1026 21:24:40.349909    1204 watch.go:31] Failed to load config from "/home/user/studio/dataconnect": location is required in dataconnect.yaml at `/home/user/studio/dataconnect.yaml`
E1026 21:24:50.359319    1204 watch.go:31] Failed to load config from "/home/user/studio/dataconnect": location is required in dataconnect.yaml at `/home/user/studio/dataconnect.yaml`
E1026 21:25:00.359406    1204 watch.go:31] Failed to load config from "/home/user/studio/dataconnect": location is required in dataconnect.yaml at `/home/user/studio/dataconnect.yaml`
E1026 21:25:10.350247    1204 watch.go:31] Failed to load config from "/home/user/studio/dataconnect": location is required in dataconnect.yaml at `/home/user/studio/dataconnect.yaml`
E1026 21:25:20.359345    1204 watch.go:31] Failed to load config from "/home/user/studio/dataconnect": location is required in dataconnect.yaml at `/home/user/studio/dataconnect.yaml`
E1026 21:25:30.350790    1204 watch.go:31] Failed to load config from "/home/user/studio/dataconnect": location is required in dataconnect.yaml at `/home/user/studio/dataconnect.yaml`
E1026 21:25:40.350235    1204 watch.go:31] Failed to load config from "/home/user/studio/dataconnect": location is required in dataconnect.yaml at `/home/user/studio/dataconnect.yaml`
E1026 21:25:40.350290    1204 watch.go:102] watchAllDir unable to walk dir `/home/user/studio/dataconnect`: lstat /home/user/studio/dataconnect: no such file or directory
E1026 21:25:50.359452    1204 watch.go:31] Failed to load config from "/home/user/studio/dataconnect": location is required in dataconnect.yaml at `/home/user/studio/dataconnect.yaml`
E1026 21:26:00.358927    1204 watch.go:31] Failed to load config from "/home/user/studio/dataconnect": location is required in dataconnect.yaml at `/home/user/studio/dataconnect.yaml`
E1026 21:26:10.350318    1204 watch.go:31] Failed to load config from "/home/user/studio/dataconnect": location is required in dataconnect.yaml at `/home/user/studio/dataconnect.yaml`
E1026 21:26:20.359640    1204 watch.go:31] Failed to load config from "/home/user/studio/dataconnect": location is required in dataconnect.yaml at `/home/user/studio/dataconnect.yaml`
E1026 21:26:30.359802    1204 watch.go:31] Failed to load config from "/home/user/studio/dataconnect": location is required in dataconnect.yaml at `/home/user/studio/dataconnect.yaml`
E1026 21:26:40.350300    1204 watch.go:31] Failed to load config from "/home/user/studio/dataconnect": location is required in dataconnect.yaml at `/home/user/studio/dataconnect.yaml`
E1026 21:26:50.350149    1204 watch.go:31] Failed to load config from "/home/user/studio/dataconnect": location is required in dataconnect.yaml at `/home/user/studio/dataconnect.yaml`
E1026 21:27:00.360883    1204 watch.go:31] Failed to load config from "/home/user/studio/dataconnect": location is required in dataconnect.yaml at `/home/user/studio/dataconnect.yaml`
E1026 21:27:10.350309    1204 watch.go:31] Failed to load config from "/home/user/studio/dataconnect": location is required in dataconnect.yaml at `/home/user/studio/dataconnect.yaml`
E1026 21:27:20.359379    1204 watch.go:31] Failed to load config from "/home/user/studio/dataconnect": location is required in dataconnect.yaml at `/home/user/studio/dataconnect.yaml`
E1026 21:27:30.350668    1204 watch.go:31] Failed to load config from "/home/user/studio/dataconnect": location is required in dataconnect.yaml at `/home/user/studio/dataconnect.yaml`
E1026 21:27:40.350814    1204 watch.go:31] Failed to load config from "/home/user/studio/dataconnect": location is required in dataconnect.yaml at `/home/user/studio/dataconnect.yaml`
E1026 21:27:40.350869    1204 watch.go:102] watchAllDir unable to walk dir `/home/user/studio/dataconnect`: lstat /home/user/studio/dataconnect: no such file or directory
E1026 21:27:50.355476    1204 watch.go:31] Failed to load config from "/home/user/studio/dataconnect": location is required in dataconnect.yaml at `/home/user/studio/dataconnect.yaml`
E1026 21:28:00.358895    1204 watch.go:31] Failed to load config from "/home/user/studio/dataconnect": location is required in dataconnect.yaml at `/home/user/studio/dataconnect.yaml`
E1026 21:28:10.350181    1204 watch.go:31] Failed to load config from "/home/user/studio/dataconnect": location is required in dataconnect.yaml at `/home/user/studio/dataconnect.yaml`
E1026 21:28:20.359486    1204 watch.go:31] Failed to load config from "/home/user/studio/dataconnect": location is required in dataconnect.yaml at `/home/user/studio/dataconnect.yaml`
E1026 21:28:30.354625    1204 watch.go:31] Failed to load config from "/home/user/studio/dataconnect": location is required in dataconnect.yaml at `/home/user/studio/dataconnect.yaml`
E1026 21:28:40.349761    1204 watch.go:31] Failed to load config from "/home/user/studio/dataconnect": location is required in dataconnect.yaml at `/home/user/studio/dataconnect.yaml`
E1026 21:28:50.350459    1204 watch.go:31] Failed to load config from "/home/user/studio/dataconnect": location is required in dataconnect.yaml at `/home/user/studio/dataconnect.yaml`
E1026 21:29:00.358928    1204 watch.go:31] Failed to load config from "/home/user/studio/dataconnect": location is required in dataconnect.yaml at `/home/user/studio/dataconnect.yaml`
E1026 21:29:10.350868    1204 watch.go:31] Failed to load config from "/home/user/studio/dataconnect": location is required in dataconnect.yaml at `/home/user/studio/dataconnect.yaml`
E1026 21:29:20.358882    1204 watch.go:31] Failed to load config from "/home/user/studio/dataconnect": location is required in dataconnect.yaml at `/home/user/studio/dataconnect.yaml`
E1026 21:29:30.358900    1204 watch.go:31] Failed to load config from "/home/user/studio/dataconnect": location is required in dataconnect.yaml at `/home/user/studio/dataconnect.yaml`
E1026 21:29:40.349888    1204 watch.go:31] Failed to load config from "/home/user/studio/dataconnect": location is required in dataconnect.yaml at `/home/user/studio/dataconnect.yaml`
E1026 21:29:40.349938    1204 watch.go:102] watchAllDir unable to walk dir `/home/user/studio/dataconnect`: lstat /home/user/studio/dataconnect: no such file or directory
E1026 21:29:50.359152    1204 watch.go:31] Failed to load config from "/home/user/studio/dataconnect": location is required in dataconnect.yaml at `/home/user/studio/dataconnect.yaml`
E1026 21:30:00.359499    1204 watch.go:31] Failed to load config from "/home/user/studio/dataconnect": location is required in dataconnect.yaml at `/home/user/studio/dataconnect.yaml`
E1026 21:30:10.350506    1204 watch.go:31] Failed to load config from "/home/user/studio/dataconnect": location is required in dataconnect.yaml at `/home/user/studio/dataconnect.yaml`
E1026 21:30:20.357859    1204 watch.go:31] Failed to load config from "/home/user/studio/dataconnect": location is required in dataconnect.yaml at `/home/user/studio/dataconnect.yaml`
E1026 21:30:30.358934    1204 watch.go:31] Failed to load config from "/home/user/studio/dataconnect": location is required in dataconnect.yaml at `/home/user/studio/dataconnect.yaml`
E1026 21:30:40.350400    1204 watch.go:31] Failed to load config from "/home/user/studio/dataconnect": location is required in dataconnect.yaml at `/home/user/studio/dataconnect.yaml`
E1026 21:30:50.359745    1204 watch.go:31] Failed to load config from "/home/user/studio/dataconnect": location is required in dataconnect.yaml at `/home/user/studio/dataconnect.yaml`
E1026 21:31:00.350425    1204 watch.go:31] Failed to load config from "/home/user/studio/dataconnect": location is required in dataconnect.yaml at `/home/user/studio/dataconnect.yaml`
E1026 21:31:10.350600    1204 watch.go:31] Failed to load config from "/home/user/studio/dataconnect": location is required in dataconnect.yaml at `/home/user/studio/dataconnect.yaml`
E1026 21:31:20.359710    1204 watch.go:31] Failed to load config from "/home/user/studio/dataconnect": location is required in dataconnect.yaml at `/home/user/studio/dataconnect.yaml`
E1026 21:31:30.352132    1204 watch.go:31] Failed to load config from "/home/user/studio/dataconnect": location is required in dataconnect.yaml at `/home/user/studio/dataconnect.yaml`
E1026 21:31:40.349944    1204 watch.go:31] Failed to load config from "/home/user/studio/dataconnect": location is required in dataconnect.yaml at `/home/user/studio/dataconnect.yaml`
E1026 21:31:40.349997    1204 watch.go:102] watchAllDir unable to walk dir `/home/user/studio/dataconnect`: lstat /home/user/studio/dataconnect: no such file or directory
E1026 21:31:50.358741    1204 watch.go:31] Failed to load config from "/home/user/studio/dataconnect": location is required in dataconnect.yaml at `/home/user/studio/dataconnect.yaml`
E1026 21:32:00.358856    1204 watch.go:31] Failed to load config from "/home/user/studio/dataconnect": location is required in dataconnect.yaml at `/home/user/studio/dataconnect.yaml`
E1026 21:32:10.351909    1204 watch.go:31] Failed to load config from "/home/user/studio/dataconnect": location is required in dataconnect.yaml at `/home/user/studio/dataconnect.yaml`
E1026 21:32:20.358860    1204 watch.go:31] Failed to load config from "/home/user/studio/dataconnect": location is required in dataconnect.yaml at `/home/user/studio/dataconnect.yaml`
E1026 21:32:30.355778    1204 watch.go:31] Failed to load config from "/home/user/studio/dataconnect": location is required in dataconnect.yaml at `/home/user/studio/dataconnect.yaml`
E1026 21:32:40.349871    1204 watch.go:31] Failed to load config from "/home/user/studio/dataconnect": location is required in dataconnect.yaml at `/home/user/studio/dataconnect.yaml`
E1026 21:32:50.359160    1204 watch.go:31] Failed to load config from "/home/user/studio/dataconnect": location is required in dataconnect.yaml at `/home/user/studio/dataconnect.yaml`
E1026 21:33:00.351891    1204 watch.go:31] Failed to load config from "/home/user/studio/dataconnect": location is required in dataconnect.yaml at `/home/user/studio/dataconnect.yaml`
E1026 21:33:10.349862    1204 watch.go:31] Failed to load config from "/home/user/studio/dataconnect": location is required in dataconnect.yaml at `/home/user/studio/dataconnect.yaml`
E1026 21:33:20.358930    1204 watch.go:31] Failed to load config from "/home/user/studio/dataconnect": location is required in dataconnect.yaml at `/home/user/studio/dataconnect.yaml`
E1026 21:33:30.358481    1204 watch.go:31] Failed to load config from "/home/user/studio/dataconnect": location is required in dataconnect.yaml at `/home/user/studio/dataconnect.yaml`
E1026 21:33:40.350484    1204 watch.go:31] Failed to load config from "/home/user/studio/dataconnect": location is required in dataconnect.yaml at `/home/user/studio/dataconnect.yaml`
E1026 21:33:40.350537    1204 watch.go:102] watchAllDir unable to walk dir `/home/user/studio/dataconnect`: lstat /home/user/studio/dataconnect: no such file or directory
E1026 21:33:50.358642    1204 watch.go:31] Failed to load config from "/home/user/studio/dataconnect": location is required in dataconnect.yaml at `/home/user/studio/dataconnect.yaml`
E1026 21:34:00.357446    1204 watch.go:31] Failed to load config from "/home/user/studio/dataconnect": location is required in dataconnect.yaml at `/home/user/studio/dataconnect.yaml`
E1026 21:34:10.350287    1204 watch.go:31] Failed to load config from "/home/user/studio/dataconnect": location is required in dataconnect.yaml at `/home/user/studio/dataconnect.yaml`
E1026 21:34:20.359588    1204 watch.go:31] Failed to load config from "/home/user/studio/dataconnect": location is required in dataconnect.yaml at `/home/user/studio/dataconnect.yaml`
E1026 21:34:30.355731    1204 watch.go:31] Failed to load config from "/home/user/studio/dataconnect": location is required in dataconnect.yaml at `/home/user/studio/dataconnect.yaml`
E1026 21:34:40.349829    1204 watch.go:31] Failed to load config from "/home/user/studio/dataconnect": location is required in dataconnect.yaml at `/home/user/studio/dataconnect.yaml`
E1026 21:34:50.355413    1204 watch.go:31] Failed to load config from "/home/user/studio/dataconnect": location is required in dataconnect.yaml at `/home/user/studio/dataconnect.yaml`
E1026 21:35:00.357958    1204 watch.go:31] Failed to load config from "/home/user/studio/dataconnect": location is required in dataconnect.yaml at `/home/user/studio/dataconnect.yaml`
E1026 21:35:10.350302    1204 watch.go:31] Failed to load config from "/home/user/studio/dataconnect": location is required in dataconnect.yaml at `/home/user/studio/dataconnect.yaml`
E1026 21:35:20.349892    1204 watch.go:31] Failed to load config from "/home/user/studio/dataconnect": location is required in dataconnect.yaml at `/home/user/studio/dataconnect.yaml`
E1026 21:35:30.358866    1204 watch.go:31] Failed to load config from "/home/user/studio/dataconnect": location is required in dataconnect.yaml at `/home/user/studio/dataconnect.yaml`
E1026 21:35:40.350585    1204 watch.go:31] Failed to load config from "/home/user/studio/dataconnect": location is required in dataconnect.yaml at `/home/user/studio/dataconnect.yaml`
E1026 21:35:40.350634    1204 watch.go:102] watchAllDir unable to walk dir `/home/user/studio/dataconnect`: lstat /home/user/studio/dataconnect: no such file or directory
E1026 21:35:50.358893    1204 watch.go:31] Failed to load config from "/home/user/studio/dataconnect": location is required in dataconnect.yaml at `/home/user/studio/dataconnect.yaml`
E1026 21:36:00.358873    1204 watch.go:31] Failed to load config from "/home/user/studio/dataconnect": location is required in dataconnect.yaml at `/home/user/studio/dataconnect.yaml`
E1026 21:36:10.350096    1204 watch.go:31] Failed to load config from "/home/user/studio/dataconnect": location is required in dataconnect.yaml at `/home/user/studio/dataconnect.yaml`
E1026 21:36:20.358916    1204 watch.go:31] Failed to load config from "/home/user/studio/dataconnect": location is required in dataconnect.yaml at `/home/user/studio/dataconnect.yaml`
E1026 21:36:30.358990    1204 watch.go:31] Failed to load config from "/home/user/studio/dataconnect": location is required in dataconnect.yaml at `/home/user/studio/dataconnect.yaml`
E1026 21:36:40.350287    1204 watch.go:31] Failed to load config from "/home/user/studio/dataconnect": location is required in dataconnect.yaml at `/home/user/studio/dataconnect.yaml`
E1026 21:36:50.359608    1204 watch.go:31] Failed to load config from "/home/user/studio/dataconnect": location is required in dataconnect.yaml at `/home/user/studio/dataconnect.yaml`
E1026 21:37:00.359762    1204 watch.go:31] Failed to load config from "/home/user/studio/dataconnect": location is required in dataconnect.yaml at `/home/user/studio/dataconnect.yaml`
E1026 21:37:10.350330    1204 watch.go:31] Failed to load config from "/home/user/studio/dataconnect": location is required in dataconnect.yaml at `/home/user/studio/dataconnect.yaml`
E1026 21:37:20.350913    1204 watch.go:31] Failed to load config from "/home/user/studio/dataconnect": location is required in dataconnect.yaml at `/home/user/studio/dataconnect.yaml`
