npm warn exec The following package was not found and will be installed: next@16.1.6
The module 'react' was not found. Next.js requires that you include it in 'dependencies' of your 'package.json'. To add it, run 'npm install react'
The module 'react-dom' was not found. Next.js requires that you include it in 'dependencies' of your 'package.json'. To add it, run 'npm install react-dom'
node:internal/modules/cjs/loader:1386
  throw err;
  ^

Error: Cannot find module 'react'
Require stack:
- /home/jules/.npm/_npx/8b377f6eec906bc4/node_modules/next/dist/server/app-render/dynamic-rendering.js
- /home/jules/.npm/_npx/8b377f6eec906bc4/node_modules/next/dist/server/node-environment-extensions/utils.js
- /home/jules/.npm/_npx/8b377f6eec906bc4/node_modules/next/dist/server/node-environment-extensions/random.js
- /home/jules/.npm/_npx/8b377f6eec906bc4/node_modules/next/dist/server/node-environment.js
- /home/jules/.npm/_npx/8b377f6eec906bc4/node_modules/next/dist/server/lib/router-server.js
- /home/jules/.npm/_npx/8b377f6eec906bc4/node_modules/next/dist/server/lib/start-server.js
    at Function.<anonymous> (node:internal/modules/cjs/loader:1383:15)
    at /home/jules/.npm/_npx/8b377f6eec906bc4/node_modules/next/dist/server/require-hook.js:57:36
    at defaultResolveImpl (node:internal/modules/cjs/loader:1025:19)
    at resolveForCJSWithHooks (node:internal/modules/cjs/loader:1030:22)
    at Function._load (node:internal/modules/cjs/loader:1192:37)
    at TracingChannel.traceSync (node:diagnostics_channel:328:14)
    at wrapModuleLoad (node:internal/modules/cjs/loader:237:24)
    at Module.<anonymous> (node:internal/modules/cjs/loader:1463:12)
    at mod.require (/home/jules/.npm/_npx/8b377f6eec906bc4/node_modules/next/dist/server/require-hook.js:68:28)
    at require (node:internal/modules/helpers:147:16) {
  code: 'MODULE_NOT_FOUND',
  requireStack: [
    '/home/jules/.npm/_npx/8b377f6eec906bc4/node_modules/next/dist/server/app-render/dynamic-rendering.js',
    '/home/jules/.npm/_npx/8b377f6eec906bc4/node_modules/next/dist/server/node-environment-extensions/utils.js',
    '/home/jules/.npm/_npx/8b377f6eec906bc4/node_modules/next/dist/server/node-environment-extensions/random.js',
    '/home/jules/.npm/_npx/8b377f6eec906bc4/node_modules/next/dist/server/node-environment.js',
    '/home/jules/.npm/_npx/8b377f6eec906bc4/node_modules/next/dist/server/lib/router-server.js',
    '/home/jules/.npm/_npx/8b377f6eec906bc4/node_modules/next/dist/server/lib/start-server.js'
  ]
}

Node.js v22.22.0
[next.config.mjs] LOG: Reading Next.js configuration for NODE_ENV: development
[next.config.mjs] LOG: Strict build checks are now ENABLED for all environments.
Attention: Next.js now collects completely anonymous telemetry regarding usage.
This information is used to shape Next.js' roadmap and prioritize features.
You can learn more, including how to opt-out if you'd not like to participate in this anonymous program, by visiting the following URL:
https://nextjs.org/telemetry

[?25h
