
> web@0.1.0 build /app/apps/web
> npx prisma generate && next build

Prisma schema loaded from prisma/schema.prisma

✔ Generated Prisma Client (v5.22.0) to ./../../node_modules/.pnpm/@prisma+client@5.22.0_prisma@5.22.0/node_modules/@prisma/client in 2.94s

Start by importing your Prisma Client (See: https://pris.ly/d/importing-client)

Tip: Want real-time updates to your database without manual polling? Discover how with Pulse: https://pris.ly/tip-0-pulse

  ▲ Next.js 14.2.3

   Creating an optimized production build ...
 ⚠ Compiled with warnings

./src/app/admin/auctioneers/new/page.tsx
Attempted import error: '../auctioneer-form' does not contain a default export (imported as 'AuctioneerForm').

Import trace for requested module:
./src/app/admin/auctioneers/new/page.tsx

./src/app/admin/judicial-branches/[branchId]/edit/page.tsx
Attempted import error: '../../judicial-branch-form' does not contain a default export (imported as 'JudicialBranchForm').

Import trace for requested module:
./src/app/admin/judicial-branches/[branchId]/edit/page.tsx

./src/app/admin/judicial-districts/[districtId]/edit/page.tsx
Attempted import error: '../../judicial-district-form' does not contain a default export (imported as 'JudicialDistrictForm').

Import trace for requested module:
./src/app/admin/judicial-districts/[districtId]/edit/page.tsx

./src/app/admin/judicial-processes/[processId]/edit/page.tsx
Attempted import error: '../../judicial-process-form' does not contain a default export (imported as 'JudicialProcessForm').

Import trace for requested module:
./src/app/admin/judicial-processes/[processId]/edit/page.tsx

./src/app/admin/lots/columns.tsx
Attempted import error: 'getAuctionStatusText' is not exported from '@bidexpert/core' (imported as 'getAuctionStatusText').

Import trace for requested module:
./src/app/admin/lots/columns.tsx
./src/app/admin/lots/page.tsx

./src/app/admin/lots/page.tsx
Attempted import error: 'getAuctionStatusText' is not exported from '@bidexpert/core' (imported as 'getAuctionStatusText').

Import trace for requested module:
./src/app/admin/lots/page.tsx

./src/app/admin/lots/page.tsx
Attempted import error: '@/components/admin/resource-data-table' does not contain a default export (imported as 'ResourceDataTable').

Import trace for requested module:
./src/app/admin/lots/page.tsx

./src/app/admin/roles/[roleId]/edit/page.tsx
Attempted import error: '../../role-form' does not contain a default export (imported as 'RoleForm').

Import trace for requested module:
./src/app/admin/roles/[roleId]/edit/page.tsx

./src/app/admin/sellers/new/page.tsx
Attempted import error: 'criarComitente' is not exported from '../actions' (imported as 'criarComitente').

Import trace for requested module:
./src/app/admin/sellers/new/page.tsx

./src/app/admin/sellers/new/page.tsx
Attempted import error: '../seller-form' does not contain a default export (imported as 'SellerForm').

Import trace for requested module:
./src/app/admin/sellers/new/page.tsx

./src/app/admin/sellers/page.tsx
Attempted import error: '@/components/admin/resource-data-table' does not contain a default export (imported as 'ResourceDataTable').

Import trace for requested module:
./src/app/admin/sellers/page.tsx

./src/app/admin/states/[stateId]/edit/page.tsx
Attempted import error: '../../state-form' does not contain a default export (imported as 'StateForm').

Import trace for requested module:
./src/app/admin/states/[stateId]/edit/page.tsx

./src/app/admin/vehicle-makes/[makeId]/edit/page.tsx
Attempted import error: '../../vehicle-make-form' does not contain a default export (imported as 'VehicleMakeForm').

Import trace for requested module:
./src/app/admin/vehicle-makes/[makeId]/edit/page.tsx

./src/app/checkout/[winId]/checkout-form.tsx
Attempted import error: 'processarPagamentoAction' is not exported from './actions' (imported as 'processarPagamentoAction').

Import trace for requested module:
./src/app/checkout/[winId]/checkout-form.tsx

./src/app/consignor-dashboard/financial/page.tsx
Attempted import error: 'getPaymentStatusText' is not exported from '@bidexpert/core' (imported as 'getPaymentStatusText').

Import trace for requested module:
./src/app/consignor-dashboard/financial/page.tsx

./src/app/consignor-dashboard/settings/page.tsx
Attempted import error: 'updateConsignorProfile' is not exported from '../actions' (imported as 'updateConsignorProfile').

Import trace for requested module:
./src/app/consignor-dashboard/settings/page.tsx

./src/app/consignor-dashboard/settings/page.tsx
Attempted import error: '@/app/admin/sellers/seller-form' does not contain a default export (imported as 'SellerForm').

Import trace for requested module:
./src/app/consignor-dashboard/settings/page.tsx

./src/components/ui/use-toast.ts
Attempted import error: 'toast' is not exported from '@bidexpert/ui' (imported as 'showToast').

Import trace for requested module:
./src/components/ui/use-toast.ts
./src/hooks/use-toast.ts
./src/app/admin/auctioneers/[auctioneerId]/edit/page.tsx

../../packages/ui/src/index.ts
The requested module './components/ui/breadcrumbs' contains conflicting star exports for the names '$$typeof', '__esModule' with the previous requested module './components/ui/entity-selector'

Import trace for requested module:
../../packages/ui/src/index.ts
./src/components/ui/card.tsx
./src/app/checkout/[winId]/page.tsx

../../packages/ui/src/index.ts
The requested module './components/entity-edit-menu' contains conflicting star exports for the names '$$typeof', '__esModule' with the previous requested module './components/ui/entity-selector'

Import trace for requested module:
../../packages/ui/src/index.ts
./src/components/ui/card.tsx
./src/app/checkout/[winId]/page.tsx

../../packages/ui/src/index.ts
The requested module './components/auction/auction-stages-timeline' contains conflicting star exports for the names '$$typeof', '__esModule' with the previous requested module './components/ui/entity-selector'

Import trace for requested module:
../../packages/ui/src/index.ts
./src/components/ui/card.tsx
./src/app/checkout/[winId]/page.tsx

../../packages/ui/src/index.ts
The requested module './components/auction/auction-preview-modal' contains conflicting star exports for the names '$$typeof', '__esModule' with the previous requested module './components/ui/entity-selector'

Import trace for requested module:
../../packages/ui/src/index.ts
./src/components/ui/card.tsx
./src/app/checkout/[winId]/page.tsx

../../packages/ui/src/index.ts
The requested module './components/lot-preview-modal' contains conflicting star exports for the names '$$typeof', '__esModule' with the previous requested module './components/ui/entity-selector'

Import trace for requested module:
../../packages/ui/src/index.ts
./src/components/ui/card.tsx
./src/app/checkout/[winId]/page.tsx

 ⚠ Compiled with warnings

./src/app/admin/auctioneers/new/page.tsx
Attempted import error: '../auctioneer-form' does not contain a default export (imported as 'AuctioneerForm').

Import trace for requested module:
./src/app/admin/auctioneers/new/page.tsx

./src/app/admin/judicial-branches/[branchId]/edit/page.tsx
Attempted import error: '../../judicial-branch-form' does not contain a default export (imported as 'JudicialBranchForm').

Import trace for requested module:
./src/app/admin/judicial-branches/[branchId]/edit/page.tsx

./src/app/admin/judicial-districts/[districtId]/edit/page.tsx
Attempted import error: '../../judicial-district-form' does not contain a default export (imported as 'JudicialDistrictForm').

Import trace for requested module:
./src/app/admin/judicial-districts/[districtId]/edit/page.tsx

./src/app/admin/judicial-processes/[processId]/edit/page.tsx
Attempted import error: '../../judicial-process-form' does not contain a default export (imported as 'JudicialProcessForm').

Import trace for requested module:
./src/app/admin/judicial-processes/[processId]/edit/page.tsx

./src/app/admin/lots/columns.tsx
Attempted import error: 'getAuctionStatusText' is not exported from '@bidexpert/core' (imported as 'getAuctionStatusText').

Import trace for requested module:
./src/app/admin/lots/columns.tsx
./src/app/admin/lots/page.tsx

./src/app/admin/lots/page.tsx
Attempted import error: 'getAuctionStatusText' is not exported from '@bidexpert/core' (imported as 'getAuctionStatusText').

Import trace for requested module:
./src/app/admin/lots/page.tsx

./src/app/admin/lots/page.tsx
Attempted import error: '@/components/admin/resource-data-table' does not contain a default export (imported as 'ResourceDataTable').

Import trace for requested module:
./src/app/admin/lots/page.tsx

./src/app/admin/roles/[roleId]/edit/page.tsx
Attempted import error: '../../role-form' does not contain a default export (imported as 'RoleForm').

Import trace for requested module:
./src/app/admin/roles/[roleId]/edit/page.tsx

./src/app/admin/sellers/new/page.tsx
Attempted import error: 'criarComitente' is not exported from '../actions' (imported as 'criarComitente').

Import trace for requested module:
./src/app/admin/sellers/new/page.tsx

./src/app/admin/sellers/new/page.tsx
Attempted import error: '../seller-form' does not contain a default export (imported as 'SellerForm').

Import trace for requested module:
./src/app/admin/sellers/new/page.tsx

./src/app/admin/sellers/page.tsx
Attempted import error: '@/components/admin/resource-data-table' does not contain a default export (imported as 'ResourceDataTable').

Import trace for requested module:
./src/app/admin/sellers/page.tsx

./src/app/admin/states/[stateId]/edit/page.tsx
Attempted import error: '../../state-form' does not contain a default export (imported as 'StateForm').

Import trace for requested module:
./src/app/admin/states/[stateId]/edit/page.tsx

./src/app/admin/vehicle-makes/[makeId]/edit/page.tsx
Attempted import error: '../../vehicle-make-form' does not contain a default export (imported as 'VehicleMakeForm').

Import trace for requested module:
./src/app/admin/vehicle-makes/[makeId]/edit/page.tsx

./src/app/checkout/[winId]/checkout-form.tsx
Attempted import error: 'processarPagamentoAction' is not exported from './actions' (imported as 'processarPagamentoAction').

Import trace for requested module:
./src/app/checkout/[winId]/checkout-form.tsx

./src/app/consignor-dashboard/financial/page.tsx
Attempted import error: 'getPaymentStatusText' is not exported from '@bidexpert/core' (imported as 'getPaymentStatusText').

Import trace for requested module:
./src/app/consignor-dashboard/financial/page.tsx

./src/app/consignor-dashboard/settings/page.tsx
Attempted import error: 'updateConsignorProfile' is not exported from '../actions' (imported as 'updateConsignorProfile').

Import trace for requested module:
./src/app/consignor-dashboard/settings/page.tsx

./src/app/consignor-dashboard/settings/page.tsx
Attempted import error: '@/app/admin/sellers/seller-form' does not contain a default export (imported as 'SellerForm').

Import trace for requested module:
./src/app/consignor-dashboard/settings/page.tsx

./src/components/ui/use-toast.ts
Attempted import error: 'toast' is not exported from '@bidexpert/ui' (imported as 'showToast').

Import trace for requested module:
./src/components/ui/use-toast.ts
./src/hooks/use-toast.ts
./src/app/admin/auctioneers/[auctioneerId]/edit/page.tsx

 ✓ Compiled successfully
   Linting and checking validity of types ...
Failed to compile.

./src/app/admin/auctioneers/[auctioneerId]/edit/page.tsx:160:11
Type error: Type 'Element' is not assignable to type '(formRef: RefObject<any>, initialData: unknown) => ReactNode'.
  Type 'ReactElement<any, any>' provides no match for the signature '(formRef: RefObject<any>, initialData: unknown): ReactNode'.

[0m [90m 158 |[39m         onDelete[33m=[39m{handleDelete}[0m
[0m [90m 159 |[39m       [33m>[39m[0m
[0m[31m[1m>[22m[39m[90m 160 |[39m           [33m<[39m[33mAuctioneerForm[39m[0m
[0m [90m     |[39m           [31m[1m^[22m[39m[0m
[0m [90m 161 |[39m             ref[33m=[39m{formRef}[0m
[0m [90m 162 |[39m             initialData[33m=[39m{auctioneer}[0m
[0m [90m 163 |[39m             onSubmitAction[33m=[39m{handleFormSubmit}[0m
 ELIFECYCLE  Command failed with exit code 1.
