[debug] [2025-06-09T21:44:17.743Z] [Firebase Plugin] Activating Firebase extension.
[debug] [2025-06-09T21:44:30.176Z] [Firebase Plugin] requireAuthWrapper
[debug] [2025-06-09T21:44:30.180Z] > command requires scopes: ["email","openid","https://www.googleapis.com/auth/cloudplatformprojects.readonly","https://www.googleapis.com/auth/firebase","https://www.googleapis.com/auth/cloud-platform"]
[debug] [2025-06-09T21:44:30.213Z] [Firebase Plugin] VSCode notification server listening on port 40001
[info] [Firebase Plugin] Starting Data Connect toolkit (version 2.6.1) on port 50001
[info] i  dataconnect: downloading dataconnect-emulator-2.6.1... {"metadata":{"emulator":{"name":"dataconnect"},"message":"downloading dataconnect-emulator-2.6.1..."}}
[debug] [2025-06-09T21:44:37.073Z] >>> [apiv2][query] GET https://storage.googleapis.com/firemat-preview-drop/emulator/dataconnect-emulator-linux-v2.6.1 
[debug] [2025-06-09T21:44:37.563Z] <<< [apiv2][status] GET https://storage.googleapis.com/firemat-preview-drop/emulator/dataconnect-emulator-linux-v2.6.1 200
[debug] [2025-06-09T21:44:37.565Z] <<< [apiv2][body] GET https://storage.googleapis.com/firemat-preview-drop/emulator/dataconnect-emulator-linux-v2.6.1 [stream]
[debug] [2025-06-09T21:44:40.300Z] 'fdc build' failed with error: Unable to build your Data Connect schema and connectors (exit code 1): E0609 21:44:40.296795    4698 cmd.go:43] Error loading data connect config: could not find dataconnect.yaml in `/home/user/studio/dataconnect`
 {"metadata":{"emulator":{"name":"dataconnect"},"message":"'fdc build' failed with error: Unable to build your Data Connect schema and connectors (exit code 1): E0609 21:44:40.296795    4698 cmd.go:43] Error loading data connect config: could not find dataconnect.yaml in `/home/user/studio/dataconnect`\n"}}
[debug] [2025-06-09T21:44:40.304Z] Ignoring unsupported arg: auto_download {"metadata":{"emulator":{"name":"dataconnect"},"message":"Ignoring unsupported arg: auto_download"}}
[debug] [2025-06-09T21:44:40.305Z] Ignoring unsupported arg: port {"metadata":{"emulator":{"name":"dataconnect"},"message":"Ignoring unsupported arg: port"}}
[debug] [2025-06-09T21:44:40.306Z] Starting Data Connect Emulator with command {"binary":"/home/user/.cache/firebase/emulators/dataconnect-emulator-2.6.1","args":["--logtostderr","-v=2","dev","--listen=localhost:50001","--config_dir=/home/user/studio/dataconnect","--enable_output_schema_extensions=true","--enable_output_generated_sdk=true"],"optionalArgs":["listen","config_dir","enable_output_schema_extensions","enable_output_generated_sdk"],"joinArgs":true,"shell":false,"port":9399} {"metadata":{"emulator":{"name":"dataconnect"},"message":"Starting Data Connect Emulator with command {\"binary\":\"/home/user/.cache/firebase/emulators/dataconnect-emulator-2.6.1\",\"args\":[\"--logtostderr\",\"-v=2\",\"dev\",\"--listen=localhost:50001\",\"--config_dir=/home/user/studio/dataconnect\",\"--enable_output_schema_extensions=true\",\"--enable_output_generated_sdk=true\"],\"optionalArgs\":[\"listen\",\"config_dir\",\"enable_output_schema_extensions\",\"enable_output_generated_sdk\"],\"joinArgs\":true,\"shell\":false,\"port\":9399}"}}
[info] i  dataconnect: Data Connect Emulator logging to dataconnect-debug.log {"metadata":{"emulator":{"name":"dataconnect"},"message":"Data Connect Emulator logging to dataconnect-debug.log"}}
[debug] [2025-06-09T21:44:40.367Z] E0609 21:44:40.357867    4703 load.go:23] Could not load config from "/home/user/studio/dataconnect": could not find dataconnect.yaml in `/home/user/studio/dataconnect`
I0609 21:44:40.359960    4703 dev.go:95] Listening on address (HTTP + gRPC): 127.0.0.1:50001
E0609 21:44:40.361028    4703 watch.go:76] watchAllDir unable to walk dir `/home/user/studio/dataconnect`: on path "/home/user/studio/dataconnect" (DirEntry: <nil>): lstat /home/user/studio/dataconnect: no such file or directory
 {"metadata":{"emulator":{"name":"dataconnect"},"message":"E0609 21:44:40.357867    4703 load.go:23] Could not load config from \"/home/user/studio/dataconnect\": could not find dataconnect.yaml in `/home/user/studio/dataconnect`\nI0609 21:44:40.359960    4703 dev.go:95] Listening on address (HTTP + gRPC): 127.0.0.1:50001\nE0609 21:44:40.361028    4703 watch.go:76] watchAllDir unable to walk dir `/home/user/studio/dataconnect`: on path \"/home/user/studio/dataconnect\" (DirEntry: <nil>): lstat /home/user/studio/dataconnect: no such file or directory\n"}}
[error] [Firebase Plugin] error:  {}
[debug] [2025-06-09T21:44:50.368Z] E0609 21:44:50.367748    4703 load.go:23] Could not load config from "/home/user/studio/dataconnect": could not find dataconnect.yaml in `/home/user/studio/dataconnect`
 {"metadata":{"emulator":{"name":"dataconnect"},"message":"E0609 21:44:50.367748    4703 load.go:23] Could not load config from \"/home/user/studio/dataconnect\": could not find dataconnect.yaml in `/home/user/studio/dataconnect`\n"}}
[debug] [2025-06-09T21:44:57.981Z] Running auto auth
[debug] [2025-06-09T21:44:58.016Z] No OAuth tokens found
[debug] [2025-06-09T21:44:58.017Z] [Firebase Plugin] User found:  augustoaraujo.augusto@gmail.com
[info] [Firebase Plugin] (Core:Project) New user detected, fetching projects
[debug] [2025-06-09T21:44:58.021Z] No OAuth tokens found
[debug] [2025-06-09T21:44:58.022Z] >>> [apiv2][query] GET https://firebase.googleapis.com/v1beta1/projects pageSize=1000
[debug] [2025-06-09T21:44:58.643Z] <<< [apiv2][status] GET https://firebase.googleapis.com/v1beta1/projects 200
[debug] [2025-06-09T21:44:58.644Z] <<< [apiv2][body] GET https://firebase.googleapis.com/v1beta1/projects [omitted]
[debug] [2025-06-09T21:45:00.371Z] E0609 21:45:00.370743    4703 load.go:23] Could not load config from "/home/user/studio/dataconnect": could not find dataconnect.yaml in `/home/user/studio/dataconnect`
 {"metadata":{"emulator":{"name":"dataconnect"},"message":"E0609 21:45:00.370743    4703 load.go:23] Could not load config from \"/home/user/studio/dataconnect\": could not find dataconnect.yaml in `/home/user/studio/dataconnect`\n"}}
[debug] [2025-06-09T21:45:10.365Z] E0609 21:45:10.362216    4703 load.go:23] Could not load config from "/home/user/studio/dataconnect": could not find dataconnect.yaml in `/home/user/studio/dataconnect`
 {"metadata":{"emulator":{"name":"dataconnect"},"message":"E0609 21:45:10.362216    4703 load.go:23] Could not load config from \"/home/user/studio/dataconnect\": could not find dataconnect.yaml in `/home/user/studio/dataconnect`\n"}}
[debug] [2025-06-09T21:45:20.376Z] E0609 21:45:20.369727    4703 load.go:23] Could not load config from "/home/user/studio/dataconnect": could not find dataconnect.yaml in `/home/user/studio/dataconnect`
 {"metadata":{"emulator":{"name":"dataconnect"},"message":"E0609 21:45:20.369727    4703 load.go:23] Could not load config from \"/home/user/studio/dataconnect\": could not find dataconnect.yaml in `/home/user/studio/dataconnect`\n"}}
[debug] [2025-06-09T21:45:30.383Z] E0609 21:45:30.370750    4703 load.go:23] Could not load config from "/home/user/studio/dataconnect": could not find dataconnect.yaml in `/home/user/studio/dataconnect`
 {"metadata":{"emulator":{"name":"dataconnect"},"message":"E0609 21:45:30.370750    4703 load.go:23] Could not load config from \"/home/user/studio/dataconnect\": could not find dataconnect.yaml in `/home/user/studio/dataconnect`\n"}}
[debug] [2025-06-09T21:45:40.361Z] E0609 21:45:40.361413    4703 load.go:23] Could not load config from "/home/user/studio/dataconnect": could not find dataconnect.yaml in `/home/user/studio/dataconnect`
 {"metadata":{"emulator":{"name":"dataconnect"},"message":"E0609 21:45:40.361413    4703 load.go:23] Could not load config from \"/home/user/studio/dataconnect\": could not find dataconnect.yaml in `/home/user/studio/dataconnect`\n"}}
[debug] [2025-06-09T21:45:50.365Z] E0609 21:45:50.365303    4703 load.go:23] Could not load config from "/home/user/studio/dataconnect": could not find dataconnect.yaml in `/home/user/studio/dataconnect`
 {"metadata":{"emulator":{"name":"dataconnect"},"message":"E0609 21:45:50.365303    4703 load.go:23] Could not load config from \"/home/user/studio/dataconnect\": could not find dataconnect.yaml in `/home/user/studio/dataconnect`\n"}}
[debug] [2025-06-09T21:46:00.370Z] E0609 21:46:00.369776    4703 load.go:23] Could not load config from "/home/user/studio/dataconnect": could not find dataconnect.yaml in `/home/user/studio/dataconnect`
 {"metadata":{"emulator":{"name":"dataconnect"},"message":"E0609 21:46:00.369776    4703 load.go:23] Could not load config from \"/home/user/studio/dataconnect\": could not find dataconnect.yaml in `/home/user/studio/dataconnect`\n"}}
[debug] [2025-06-09T21:46:10.362Z] E0609 21:46:10.362110    4703 load.go:23] Could not load config from "/home/user/studio/dataconnect": could not find dataconnect.yaml in `/home/user/studio/dataconnect`
 {"metadata":{"emulator":{"name":"dataconnect"},"message":"E0609 21:46:10.362110    4703 load.go:23] Could not load config from \"/home/user/studio/dataconnect\": could not find dataconnect.yaml in `/home/user/studio/dataconnect`\n"}}
[debug] [2025-06-09T21:46:20.363Z] E0609 21:46:20.362898    4703 load.go:23] Could not load config from "/home/user/studio/dataconnect": could not find dataconnect.yaml in `/home/user/studio/dataconnect`
 {"metadata":{"emulator":{"name":"dataconnect"},"message":"E0609 21:46:20.362898    4703 load.go:23] Could not load config from \"/home/user/studio/dataconnect\": could not find dataconnect.yaml in `/home/user/studio/dataconnect`\n"}}
[debug] [2025-06-09T21:46:30.371Z] E0609 21:46:30.370730    4703 load.go:23] Could not load config from "/home/user/studio/dataconnect": could not find dataconnect.yaml in `/home/user/studio/dataconnect`
 {"metadata":{"emulator":{"name":"dataconnect"},"message":"E0609 21:46:30.370730    4703 load.go:23] Could not load config from \"/home/user/studio/dataconnect\": could not find dataconnect.yaml in `/home/user/studio/dataconnect`\n"}}
[debug] [2025-06-09T21:46:40.363Z] E0609 21:46:40.362501    4703 load.go:23] Could not load config from "/home/user/studio/dataconnect": could not find dataconnect.yaml in `/home/user/studio/dataconnect`
E0609 21:46:40.362831    4703 watch.go:76] watchAllDir unable to walk dir `/home/user/studio/dataconnect`: on path "/home/user/studio/dataconnect" (DirEntry: <nil>): lstat /home/user/studio/dataconnect: no such file or directory
 {"metadata":{"emulator":{"name":"dataconnect"},"message":"E0609 21:46:40.362501    4703 load.go:23] Could not load config from \"/home/user/studio/dataconnect\": could not find dataconnect.yaml in `/home/user/studio/dataconnect`\nE0609 21:46:40.362831    4703 watch.go:76] watchAllDir unable to walk dir `/home/user/studio/dataconnect`: on path \"/home/user/studio/dataconnect\" (DirEntry: <nil>): lstat /home/user/studio/dataconnect: no such file or directory\n"}}
[debug] [2025-06-09T21:46:50.371Z] E0609 21:46:50.370762    4703 load.go:23] Could not load config from "/home/user/studio/dataconnect": could not find dataconnect.yaml in `/home/user/studio/dataconnect`
 {"metadata":{"emulator":{"name":"dataconnect"},"message":"E0609 21:46:50.370762    4703 load.go:23] Could not load config from \"/home/user/studio/dataconnect\": could not find dataconnect.yaml in `/home/user/studio/dataconnect`\n"}}
[debug] [2025-06-09T21:47:00.371Z] E0609 21:47:00.370759    4703 load.go:23] Could not load config from "/home/user/studio/dataconnect": could not find dataconnect.yaml in `/home/user/studio/dataconnect`
 {"metadata":{"emulator":{"name":"dataconnect"},"message":"E0609 21:47:00.370759    4703 load.go:23] Could not load config from \"/home/user/studio/dataconnect\": could not find dataconnect.yaml in `/home/user/studio/dataconnect`\n"}}
[debug] [2025-06-09T21:47:10.362Z] E0609 21:47:10.362083    4703 load.go:23] Could not load config from "/home/user/studio/dataconnect": could not find dataconnect.yaml in `/home/user/studio/dataconnect`
 {"metadata":{"emulator":{"name":"dataconnect"},"message":"E0609 21:47:10.362083    4703 load.go:23] Could not load config from \"/home/user/studio/dataconnect\": could not find dataconnect.yaml in `/home/user/studio/dataconnect`\n"}}
[debug] [2025-06-09T21:47:20.372Z] E0609 21:47:20.370744    4703 load.go:23] Could not load config from "/home/user/studio/dataconnect": could not find dataconnect.yaml in `/home/user/studio/dataconnect`
 {"metadata":{"emulator":{"name":"dataconnect"},"message":"E0609 21:47:20.370744    4703 load.go:23] Could not load config from \"/home/user/studio/dataconnect\": could not find dataconnect.yaml in `/home/user/studio/dataconnect`\n"}}
[debug] [2025-06-09T21:47:30.375Z] E0609 21:47:30.371766    4703 load.go:23] Could not load config from "/home/user/studio/dataconnect": could not find dataconnect.yaml in `/home/user/studio/dataconnect`
 {"metadata":{"emulator":{"name":"dataconnect"},"message":"E0609 21:47:30.371766    4703 load.go:23] Could not load config from \"/home/user/studio/dataconnect\": could not find dataconnect.yaml in `/home/user/studio/dataconnect`\n"}}
[debug] [2025-06-09T21:47:40.362Z] E0609 21:47:40.362157    4703 load.go:23] Could not load config from "/home/user/studio/dataconnect": could not find dataconnect.yaml in `/home/user/studio/dataconnect`
 {"metadata":{"emulator":{"name":"dataconnect"},"message":"E0609 21:47:40.362157    4703 load.go:23] Could not load config from \"/home/user/studio/dataconnect\": could not find dataconnect.yaml in `/home/user/studio/dataconnect`\n"}}
[debug] [2025-06-09T21:47:50.361Z] E0609 21:47:50.361285    4703 load.go:23] Could not load config from "/home/user/studio/dataconnect": could not find dataconnect.yaml in `/home/user/studio/dataconnect`
 {"metadata":{"emulator":{"name":"dataconnect"},"message":"E0609 21:47:50.361285    4703 load.go:23] Could not load config from \"/home/user/studio/dataconnect\": could not find dataconnect.yaml in `/home/user/studio/dataconnect`\n"}}
[debug] [2025-06-09T21:48:00.361Z] E0609 21:48:00.361359    4703 load.go:23] Could not load config from "/home/user/studio/dataconnect": could not find dataconnect.yaml in `/home/user/studio/dataconnect`
 {"metadata":{"emulator":{"name":"dataconnect"},"message":"E0609 21:48:00.361359    4703 load.go:23] Could not load config from \"/home/user/studio/dataconnect\": could not find dataconnect.yaml in `/home/user/studio/dataconnect`\n"}}
[debug] [2025-06-09T21:48:10.362Z] E0609 21:48:10.362130    4703 load.go:23] Could not load config from "/home/user/studio/dataconnect": could not find dataconnect.yaml in `/home/user/studio/dataconnect`
 {"metadata":{"emulator":{"name":"dataconnect"},"message":"E0609 21:48:10.362130    4703 load.go:23] Could not load config from \"/home/user/studio/dataconnect\": could not find dataconnect.yaml in `/home/user/studio/dataconnect`\n"}}
[debug] [2025-06-09T21:48:20.365Z] E0609 21:48:20.364911    4703 load.go:23] Could not load config from "/home/user/studio/dataconnect": could not find dataconnect.yaml in `/home/user/studio/dataconnect`
 {"metadata":{"emulator":{"name":"dataconnect"},"message":"E0609 21:48:20.364911    4703 load.go:23] Could not load config from \"/home/user/studio/dataconnect\": could not find dataconnect.yaml in `/home/user/studio/dataconnect`\n"}}
[debug] [2025-06-09T21:48:30.369Z] E0609 21:48:30.369722    4703 load.go:23] Could not load config from "/home/user/studio/dataconnect": could not find dataconnect.yaml in `/home/user/studio/dataconnect`
 {"metadata":{"emulator":{"name":"dataconnect"},"message":"E0609 21:48:30.369722    4703 load.go:23] Could not load config from \"/home/user/studio/dataconnect\": could not find dataconnect.yaml in `/home/user/studio/dataconnect`\n"}}
[debug] [2025-06-09T21:48:40.362Z] E0609 21:48:40.362054    4703 load.go:23] Could not load config from "/home/user/studio/dataconnect": could not find dataconnect.yaml in `/home/user/studio/dataconnect`
E0609 21:48:40.362124    4703 watch.go:76] watchAllDir unable to walk dir `/home/user/studio/dataconnect`: on path "/home/user/studio/dataconnect" (DirEntry: <nil>): lstat /home/user/studio/dataconnect: no such file or directory
 {"metadata":{"emulator":{"name":"dataconnect"},"message":"E0609 21:48:40.362054    4703 load.go:23] Could not load config from \"/home/user/studio/dataconnect\": could not find dataconnect.yaml in `/home/user/studio/dataconnect`\nE0609 21:48:40.362124    4703 watch.go:76] watchAllDir unable to walk dir `/home/user/studio/dataconnect`: on path \"/home/user/studio/dataconnect\" (DirEntry: <nil>): lstat /home/user/studio/dataconnect: no such file or directory\n"}}
[debug] [2025-06-09T21:48:50.362Z] E0609 21:48:50.361313    4703 load.go:23] Could not load config from "/home/user/studio/dataconnect": could not find dataconnect.yaml in `/home/user/studio/dataconnect`
 {"metadata":{"emulator":{"name":"dataconnect"},"message":"E0609 21:48:50.361313    4703 load.go:23] Could not load config from \"/home/user/studio/dataconnect\": could not find dataconnect.yaml in `/home/user/studio/dataconnect`\n"}}
[debug] [2025-06-09T21:49:00.361Z] E0609 21:49:00.361342    4703 load.go:23] Could not load config from "/home/user/studio/dataconnect": could not find dataconnect.yaml in `/home/user/studio/dataconnect`
 {"metadata":{"emulator":{"name":"dataconnect"},"message":"E0609 21:49:00.361342    4703 load.go:23] Could not load config from \"/home/user/studio/dataconnect\": could not find dataconnect.yaml in `/home/user/studio/dataconnect`\n"}}
[debug] [2025-06-09T21:49:10.362Z] E0609 21:49:10.361931    4703 load.go:23] Could not load config from "/home/user/studio/dataconnect": could not find dataconnect.yaml in `/home/user/studio/dataconnect`
 {"metadata":{"emulator":{"name":"dataconnect"},"message":"E0609 21:49:10.361931    4703 load.go:23] Could not load config from \"/home/user/studio/dataconnect\": could not find dataconnect.yaml in `/home/user/studio/dataconnect`\n"}}
[debug] [2025-06-09T21:49:20.370Z] E0609 21:49:20.369731    4703 load.go:23] Could not load config from "/home/user/studio/dataconnect": could not find dataconnect.yaml in `/home/user/studio/dataconnect`
 {"metadata":{"emulator":{"name":"dataconnect"},"message":"E0609 21:49:20.369731    4703 load.go:23] Could not load config from \"/home/user/studio/dataconnect\": could not find dataconnect.yaml in `/home/user/studio/dataconnect`\n"}}
[debug] [2025-06-09T21:49:30.371Z] E0609 21:49:30.370740    4703 load.go:23] Could not load config from "/home/user/studio/dataconnect": could not find dataconnect.yaml in `/home/user/studio/dataconnect`
 {"metadata":{"emulator":{"name":"dataconnect"},"message":"E0609 21:49:30.370740    4703 load.go:23] Could not load config from \"/home/user/studio/dataconnect\": could not find dataconnect.yaml in `/home/user/studio/dataconnect`\n"}}
[debug] [2025-06-09T21:49:40.363Z] E0609 21:49:40.362753    4703 load.go:23] Could not load config from "/home/user/studio/dataconnect": could not find dataconnect.yaml in `/home/user/studio/dataconnect`
 {"metadata":{"emulator":{"name":"dataconnect"},"message":"E0609 21:49:40.362753    4703 load.go:23] Could not load config from \"/home/user/studio/dataconnect\": could not find dataconnect.yaml in `/home/user/studio/dataconnect`\n"}}
[debug] [2025-06-09T21:49:50.369Z] E0609 21:49:50.369148    4703 load.go:23] Could not load config from "/home/user/studio/dataconnect": could not find dataconnect.yaml in `/home/user/studio/dataconnect`
 {"metadata":{"emulator":{"name":"dataconnect"},"message":"E0609 21:49:50.369148    4703 load.go:23] Could not load config from \"/home/user/studio/dataconnect\": could not find dataconnect.yaml in `/home/user/studio/dataconnect`\n"}}
[debug] [2025-06-09T21:50:00.367Z] E0609 21:50:00.367140    4703 load.go:23] Could not load config from "/home/user/studio/dataconnect": could not find dataconnect.yaml in `/home/user/studio/dataconnect`
 {"metadata":{"emulator":{"name":"dataconnect"},"message":"E0609 21:50:00.367140    4703 load.go:23] Could not load config from \"/home/user/studio/dataconnect\": could not find dataconnect.yaml in `/home/user/studio/dataconnect`\n"}}
[debug] [2025-06-09T21:50:10.362Z] E0609 21:50:10.362310    4703 load.go:23] Could not load config from "/home/user/studio/dataconnect": could not find dataconnect.yaml in `/home/user/studio/dataconnect`
 {"metadata":{"emulator":{"name":"dataconnect"},"message":"E0609 21:50:10.362310    4703 load.go:23] Could not load config from \"/home/user/studio/dataconnect\": could not find dataconnect.yaml in `/home/user/studio/dataconnect`\n"}}
[debug] [2025-06-09T21:50:20.370Z] E0609 21:50:20.369767    4703 load.go:23] Could not load config from "/home/user/studio/dataconnect": could not find dataconnect.yaml in `/home/user/studio/dataconnect`
 {"metadata":{"emulator":{"name":"dataconnect"},"message":"E0609 21:50:20.369767    4703 load.go:23] Could not load config from \"/home/user/studio/dataconnect\": could not find dataconnect.yaml in `/home/user/studio/dataconnect`\n"}}
[debug] [2025-06-09T21:50:30.371Z] E0609 21:50:30.370809    4703 load.go:23] Could not load config from "/home/user/studio/dataconnect": could not find dataconnect.yaml in `/home/user/studio/dataconnect`
 {"metadata":{"emulator":{"name":"dataconnect"},"message":"E0609 21:50:30.370809    4703 load.go:23] Could not load config from \"/home/user/studio/dataconnect\": could not find dataconnect.yaml in `/home/user/studio/dataconnect`\n"}}
[debug] [2025-06-09T21:50:40.362Z] E0609 21:50:40.361989    4703 load.go:23] Could not load config from "/home/user/studio/dataconnect": could not find dataconnect.yaml in `/home/user/studio/dataconnect`
E0609 21:50:40.362067    4703 watch.go:76] watchAllDir unable to walk dir `/home/user/studio/dataconnect`: on path "/home/user/studio/dataconnect" (DirEntry: <nil>): lstat /home/user/studio/dataconnect: no such file or directory
 {"metadata":{"emulator":{"name":"dataconnect"},"message":"E0609 21:50:40.361989    4703 load.go:23] Could not load config from \"/home/user/studio/dataconnect\": could not find dataconnect.yaml in `/home/user/studio/dataconnect`\nE0609 21:50:40.362067    4703 watch.go:76] watchAllDir unable to walk dir `/home/user/studio/dataconnect`: on path \"/home/user/studio/dataconnect\" (DirEntry: <nil>): lstat /home/user/studio/dataconnect: no such file or directory\n"}}
[debug] [2025-06-09T21:50:50.370Z] E0609 21:50:50.369788    4703 load.go:23] Could not load config from "/home/user/studio/dataconnect": could not find dataconnect.yaml in `/home/user/studio/dataconnect`
 {"metadata":{"emulator":{"name":"dataconnect"},"message":"E0609 21:50:50.369788    4703 load.go:23] Could not load config from \"/home/user/studio/dataconnect\": could not find dataconnect.yaml in `/home/user/studio/dataconnect`\n"}}
[debug] [2025-06-09T21:51:00.364Z] E0609 21:51:00.362092    4703 load.go:23] Could not load config from "/home/user/studio/dataconnect": could not find dataconnect.yaml in `/home/user/studio/dataconnect`
 {"metadata":{"emulator":{"name":"dataconnect"},"message":"E0609 21:51:00.362092    4703 load.go:23] Could not load config from \"/home/user/studio/dataconnect\": could not find dataconnect.yaml in `/home/user/studio/dataconnect`\n"}}
[debug] [2025-06-09T21:51:10.362Z] E0609 21:51:10.361956    4703 load.go:23] Could not load config from "/home/user/studio/dataconnect": could not find dataconnect.yaml in `/home/user/studio/dataconnect`
 {"metadata":{"emulator":{"name":"dataconnect"},"message":"E0609 21:51:10.361956    4703 load.go:23] Could not load config from \"/home/user/studio/dataconnect\": could not find dataconnect.yaml in `/home/user/studio/dataconnect`\n"}}
[debug] [2025-06-09T21:51:20.369Z] E0609 21:51:20.369344    4703 load.go:23] Could not load config from "/home/user/studio/dataconnect": could not find dataconnect.yaml in `/home/user/studio/dataconnect`
 {"metadata":{"emulator":{"name":"dataconnect"},"message":"E0609 21:51:20.369344    4703 load.go:23] Could not load config from \"/home/user/studio/dataconnect\": could not find dataconnect.yaml in `/home/user/studio/dataconnect`\n"}}
[debug] [2025-06-09T21:51:30.368Z] E0609 21:51:30.367897    4703 load.go:23] Could not load config from "/home/user/studio/dataconnect": could not find dataconnect.yaml in `/home/user/studio/dataconnect`
 {"metadata":{"emulator":{"name":"dataconnect"},"message":"E0609 21:51:30.367897    4703 load.go:23] Could not load config from \"/home/user/studio/dataconnect\": could not find dataconnect.yaml in `/home/user/studio/dataconnect`\n"}}
[debug] [2025-06-09T21:51:40.362Z] E0609 21:51:40.362264    4703 load.go:23] Could not load config from "/home/user/studio/dataconnect": could not find dataconnect.yaml in `/home/user/studio/dataconnect`
 {"metadata":{"emulator":{"name":"dataconnect"},"message":"E0609 21:51:40.362264    4703 load.go:23] Could not load config from \"/home/user/studio/dataconnect\": could not find dataconnect.yaml in `/home/user/studio/dataconnect`\n"}}
[debug] [2025-06-09T21:51:50.372Z] E0609 21:51:50.370728    4703 load.go:23] Could not load config from "/home/user/studio/dataconnect": could not find dataconnect.yaml in `/home/user/studio/dataconnect`
 {"metadata":{"emulator":{"name":"dataconnect"},"message":"E0609 21:51:50.370728    4703 load.go:23] Could not load config from \"/home/user/studio/dataconnect\": could not find dataconnect.yaml in `/home/user/studio/dataconnect`\n"}}
[debug] [2025-06-09T21:52:00.371Z] E0609 21:52:00.370973    4703 load.go:23] Could not load config from "/home/user/studio/dataconnect": could not find dataconnect.yaml in `/home/user/studio/dataconnect`
 {"metadata":{"emulator":{"name":"dataconnect"},"message":"E0609 21:52:00.370973    4703 load.go:23] Could not load config from \"/home/user/studio/dataconnect\": could not find dataconnect.yaml in `/home/user/studio/dataconnect`\n"}}
[debug] [2025-06-09T21:52:10.363Z] E0609 21:52:10.362468    4703 load.go:23] Could not load config from "/home/user/studio/dataconnect": could not find dataconnect.yaml in `/home/user/studio/dataconnect`
 {"metadata":{"emulator":{"name":"dataconnect"},"message":"E0609 21:52:10.362468    4703 load.go:23] Could not load config from \"/home/user/studio/dataconnect\": could not find dataconnect.yaml in `/home/user/studio/dataconnect`\n"}}
[debug] [2025-06-09T21:52:20.370Z] E0609 21:52:20.369832    4703 load.go:23] Could not load config from "/home/user/studio/dataconnect": could not find dataconnect.yaml in `/home/user/studio/dataconnect`
 {"metadata":{"emulator":{"name":"dataconnect"},"message":"E0609 21:52:20.369832    4703 load.go:23] Could not load config from \"/home/user/studio/dataconnect\": could not find dataconnect.yaml in `/home/user/studio/dataconnect`\n"}}
[debug] [2025-06-09T21:52:30.371Z] E0609 21:52:30.370832    4703 load.go:23] Could not load config from "/home/user/studio/dataconnect": could not find dataconnect.yaml in `/home/user/studio/dataconnect`
 {"metadata":{"emulator":{"name":"dataconnect"},"message":"E0609 21:52:30.370832    4703 load.go:23] Could not load config from \"/home/user/studio/dataconnect\": could not find dataconnect.yaml in `/home/user/studio/dataconnect`\n"}}
[debug] [2025-06-09T21:52:40.362Z] E0609 21:52:40.362039    4703 load.go:23] Could not load config from "/home/user/studio/dataconnect": could not find dataconnect.yaml in `/home/user/studio/dataconnect`
E0609 21:52:40.362132    4703 watch.go:76] watchAllDir unable to walk dir `/home/user/studio/dataconnect`: on path "/home/user/studio/dataconnect" (DirEntry: <nil>): lstat /home/user/studio/dataconnect: no such file or directory
 {"metadata":{"emulator":{"name":"dataconnect"},"message":"E0609 21:52:40.362039    4703 load.go:23] Could not load config from \"/home/user/studio/dataconnect\": could not find dataconnect.yaml in `/home/user/studio/dataconnect`\nE0609 21:52:40.362132    4703 watch.go:76] watchAllDir unable to walk dir `/home/user/studio/dataconnect`: on path \"/home/user/studio/dataconnect\" (DirEntry: <nil>): lstat /home/user/studio/dataconnect: no such file or directory\n"}}
[debug] [2025-06-09T21:52:50.368Z] E0609 21:52:50.368366    4703 load.go:23] Could not load config from "/home/user/studio/dataconnect": could not find dataconnect.yaml in `/home/user/studio/dataconnect`
 {"metadata":{"emulator":{"name":"dataconnect"},"message":"E0609 21:52:50.368366    4703 load.go:23] Could not load config from \"/home/user/studio/dataconnect\": could not find dataconnect.yaml in `/home/user/studio/dataconnect`\n"}}
[debug] [2025-06-09T21:53:00.370Z] E0609 21:53:00.369843    4703 load.go:23] Could not load config from "/home/user/studio/dataconnect": could not find dataconnect.yaml in `/home/user/studio/dataconnect`
 {"metadata":{"emulator":{"name":"dataconnect"},"message":"E0609 21:53:00.369843    4703 load.go:23] Could not load config from \"/home/user/studio/dataconnect\": could not find dataconnect.yaml in `/home/user/studio/dataconnect`\n"}}
[debug] [2025-06-09T21:53:10.361Z] E0609 21:53:10.361346    4703 load.go:23] Could not load config from "/home/user/studio/dataconnect": could not find dataconnect.yaml in `/home/user/studio/dataconnect`
 {"metadata":{"emulator":{"name":"dataconnect"},"message":"E0609 21:53:10.361346    4703 load.go:23] Could not load config from \"/home/user/studio/dataconnect\": could not find dataconnect.yaml in `/home/user/studio/dataconnect`\n"}}
[debug] [2025-06-09T21:53:20.371Z] E0609 21:53:20.371009    4703 load.go:23] Could not load config from "/home/user/studio/dataconnect": could not find dataconnect.yaml in `/home/user/studio/dataconnect`
 {"metadata":{"emulator":{"name":"dataconnect"},"message":"E0609 21:53:20.371009    4703 load.go:23] Could not load config from \"/home/user/studio/dataconnect\": could not find dataconnect.yaml in `/home/user/studio/dataconnect`\n"}}
[debug] [2025-06-09T21:53:30.363Z] E0609 21:53:30.362840    4703 load.go:23] Could not load config from "/home/user/studio/dataconnect": could not find dataconnect.yaml in `/home/user/studio/dataconnect`
 {"metadata":{"emulator":{"name":"dataconnect"},"message":"E0609 21:53:30.362840    4703 load.go:23] Could not load config from \"/home/user/studio/dataconnect\": could not find dataconnect.yaml in `/home/user/studio/dataconnect`\n"}}
[debug] [2025-06-09T21:53:40.362Z] E0609 21:53:40.361987    4703 load.go:23] Could not load config from "/home/user/studio/dataconnect": could not find dataconnect.yaml in `/home/user/studio/dataconnect`
 {"metadata":{"emulator":{"name":"dataconnect"},"message":"E0609 21:53:40.361987    4703 load.go:23] Could not load config from \"/home/user/studio/dataconnect\": could not find dataconnect.yaml in `/home/user/studio/dataconnect`\n"}}
[debug] [2025-06-09T21:53:50.370Z] E0609 21:53:50.370015    4703 load.go:23] Could not load config from "/home/user/studio/dataconnect": could not find dataconnect.yaml in `/home/user/studio/dataconnect`
 {"metadata":{"emulator":{"name":"dataconnect"},"message":"E0609 21:53:50.370015    4703 load.go:23] Could not load config from \"/home/user/studio/dataconnect\": could not find dataconnect.yaml in `/home/user/studio/dataconnect`\n"}}
[debug] [2025-06-09T21:54:00.371Z] E0609 21:54:00.370902    4703 load.go:23] Could not load config from "/home/user/studio/dataconnect": could not find dataconnect.yaml in `/home/user/studio/dataconnect`
 {"metadata":{"emulator":{"name":"dataconnect"},"message":"E0609 21:54:00.370902    4703 load.go:23] Could not load config from \"/home/user/studio/dataconnect\": could not find dataconnect.yaml in `/home/user/studio/dataconnect`\n"}}
[debug] [2025-06-09T21:54:10.362Z] E0609 21:54:10.362248    4703 load.go:23] Could not load config from "/home/user/studio/dataconnect": could not find dataconnect.yaml in `/home/user/studio/dataconnect`
 {"metadata":{"emulator":{"name":"dataconnect"},"message":"E0609 21:54:10.362248    4703 load.go:23] Could not load config from \"/home/user/studio/dataconnect\": could not find dataconnect.yaml in `/home/user/studio/dataconnect`\n"}}
[debug] [2025-06-09T21:54:20.371Z] E0609 21:54:20.370771    4703 load.go:23] Could not load config from "/home/user/studio/dataconnect": could not find dataconnect.yaml in `/home/user/studio/dataconnect`
 {"metadata":{"emulator":{"name":"dataconnect"},"message":"E0609 21:54:20.370771    4703 load.go:23] Could not load config from \"/home/user/studio/dataconnect\": could not find dataconnect.yaml in `/home/user/studio/dataconnect`\n"}}
[debug] [2025-06-09T21:54:30.362Z] E0609 21:54:30.362203    4703 load.go:23] Could not load config from "/home/user/studio/dataconnect": could not find dataconnect.yaml in `/home/user/studio/dataconnect`
 {"metadata":{"emulator":{"name":"dataconnect"},"message":"E0609 21:54:30.362203    4703 load.go:23] Could not load config from \"/home/user/studio/dataconnect\": could not find dataconnect.yaml in `/home/user/studio/dataconnect`\n"}}
[debug] [2025-06-09T21:54:40.362Z] E0609 21:54:40.361972    4703 load.go:23] Could not load config from "/home/user/studio/dataconnect": could not find dataconnect.yaml in `/home/user/studio/dataconnect`
E0609 21:54:40.362046    4703 watch.go:76] watchAllDir unable to walk dir `/home/user/studio/dataconnect`: on path "/home/user/studio/dataconnect" (DirEntry: <nil>): lstat /home/user/studio/dataconnect: no such file or directory
 {"metadata":{"emulator":{"name":"dataconnect"},"message":"E0609 21:54:40.361972    4703 load.go:23] Could not load config from \"/home/user/studio/dataconnect\": could not find dataconnect.yaml in `/home/user/studio/dataconnect`\nE0609 21:54:40.362046    4703 watch.go:76] watchAllDir unable to walk dir `/home/user/studio/dataconnect`: on path \"/home/user/studio/dataconnect\" (DirEntry: <nil>): lstat /home/user/studio/dataconnect: no such file or directory\n"}}
[debug] [2025-06-09T21:54:50.370Z] E0609 21:54:50.369951    4703 load.go:23] Could not load config from "/home/user/studio/dataconnect": could not find dataconnect.yaml in `/home/user/studio/dataconnect`
 {"metadata":{"emulator":{"name":"dataconnect"},"message":"E0609 21:54:50.369951    4703 load.go:23] Could not load config from \"/home/user/studio/dataconnect\": could not find dataconnect.yaml in `/home/user/studio/dataconnect`\n"}}
[debug] [2025-06-09T21:55:00.364Z] E0609 21:55:00.363941    4703 load.go:23] Could not load config from "/home/user/studio/dataconnect": could not find dataconnect.yaml in `/home/user/studio/dataconnect`
 {"metadata":{"emulator":{"name":"dataconnect"},"message":"E0609 21:55:00.363941    4703 load.go:23] Could not load config from \"/home/user/studio/dataconnect\": could not find dataconnect.yaml in `/home/user/studio/dataconnect`\n"}}
[debug] [2025-06-09T21:55:10.362Z] E0609 21:55:10.361685    4703 load.go:23] Could not load config from "/home/user/studio/dataconnect": could not find dataconnect.yaml in `/home/user/studio/dataconnect`
 {"metadata":{"emulator":{"name":"dataconnect"},"message":"E0609 21:55:10.361685    4703 load.go:23] Could not load config from \"/home/user/studio/dataconnect\": could not find dataconnect.yaml in `/home/user/studio/dataconnect`\n"}}
[debug] [2025-06-09T21:55:20.363Z] E0609 21:55:20.362739    4703 load.go:23] Could not load config from "/home/user/studio/dataconnect": could not find dataconnect.yaml in `/home/user/studio/dataconnect`
 {"metadata":{"emulator":{"name":"dataconnect"},"message":"E0609 21:55:20.362739    4703 load.go:23] Could not load config from \"/home/user/studio/dataconnect\": could not find dataconnect.yaml in `/home/user/studio/dataconnect`\n"}}
[debug] [2025-06-09T21:55:30.371Z] E0609 21:55:30.370748    4703 load.go:23] Could not load config from "/home/user/studio/dataconnect": could not find dataconnect.yaml in `/home/user/studio/dataconnect`
 {"metadata":{"emulator":{"name":"dataconnect"},"message":"E0609 21:55:30.370748    4703 load.go:23] Could not load config from \"/home/user/studio/dataconnect\": could not find dataconnect.yaml in `/home/user/studio/dataconnect`\n"}}
[debug] [2025-06-09T21:55:40.362Z] E0609 21:55:40.361992    4703 load.go:23] Could not load config from "/home/user/studio/dataconnect": could not find dataconnect.yaml in `/home/user/studio/dataconnect`
 {"metadata":{"emulator":{"name":"dataconnect"},"message":"E0609 21:55:40.361992    4703 load.go:23] Could not load config from \"/home/user/studio/dataconnect\": could not find dataconnect.yaml in `/home/user/studio/dataconnect`\n"}}
[debug] [2025-06-09T21:55:50.371Z] E0609 21:55:50.370774    4703 load.go:23] Could not load config from "/home/user/studio/dataconnect": could not find dataconnect.yaml in `/home/user/studio/dataconnect`
 {"metadata":{"emulator":{"name":"dataconnect"},"message":"E0609 21:55:50.370774    4703 load.go:23] Could not load config from \"/home/user/studio/dataconnect\": could not find dataconnect.yaml in `/home/user/studio/dataconnect`\n"}}
[debug] [2025-06-09T21:56:00.371Z] E0609 21:56:00.370760    4703 load.go:23] Could not load config from "/home/user/studio/dataconnect": could not find dataconnect.yaml in `/home/user/studio/dataconnect`
 {"metadata":{"emulator":{"name":"dataconnect"},"message":"E0609 21:56:00.370760    4703 load.go:23] Could not load config from \"/home/user/studio/dataconnect\": could not find dataconnect.yaml in `/home/user/studio/dataconnect`\n"}}
[debug] [2025-06-09T21:56:10.362Z] E0609 21:56:10.361930    4703 load.go:23] Could not load config from "/home/user/studio/dataconnect": could not find dataconnect.yaml in `/home/user/studio/dataconnect`
 {"metadata":{"emulator":{"name":"dataconnect"},"message":"E0609 21:56:10.361930    4703 load.go:23] Could not load config from \"/home/user/studio/dataconnect\": could not find dataconnect.yaml in `/home/user/studio/dataconnect`\n"}}
[debug] [2025-06-09T21:56:20.364Z] E0609 21:56:20.364062    4703 load.go:23] Could not load config from "/home/user/studio/dataconnect": could not find dataconnect.yaml in `/home/user/studio/dataconnect`
 {"metadata":{"emulator":{"name":"dataconnect"},"message":"E0609 21:56:20.364062    4703 load.go:23] Could not load config from \"/home/user/studio/dataconnect\": could not find dataconnect.yaml in `/home/user/studio/dataconnect`\n"}}
[debug] [2025-06-09T21:56:30.370Z] E0609 21:56:30.369744    4703 load.go:23] Could not load config from "/home/user/studio/dataconnect": could not find dataconnect.yaml in `/home/user/studio/dataconnect`
 {"metadata":{"emulator":{"name":"dataconnect"},"message":"E0609 21:56:30.369744    4703 load.go:23] Could not load config from \"/home/user/studio/dataconnect\": could not find dataconnect.yaml in `/home/user/studio/dataconnect`\n"}}
[debug] [2025-06-09T21:56:40.362Z] E0609 21:56:40.361903    4703 load.go:23] Could not load config from "/home/user/studio/dataconnect": could not find dataconnect.yaml in `/home/user/studio/dataconnect`
E0609 21:56:40.361974    4703 watch.go:76] watchAllDir unable to walk dir `/home/user/studio/dataconnect`: on path "/home/user/studio/dataconnect" (DirEntry: <nil>): lstat /home/user/studio/dataconnect: no such file or directory
 {"metadata":{"emulator":{"name":"dataconnect"},"message":"E0609 21:56:40.361903    4703 load.go:23] Could not load config from \"/home/user/studio/dataconnect\": could not find dataconnect.yaml in `/home/user/studio/dataconnect`\nE0609 21:56:40.361974    4703 watch.go:76] watchAllDir unable to walk dir `/home/user/studio/dataconnect`: on path \"/home/user/studio/dataconnect\" (DirEntry: <nil>): lstat /home/user/studio/dataconnect: no such file or directory\n"}}
[debug] [2025-06-09T21:56:50.372Z] E0609 21:56:50.370824    4703 load.go:23] Could not load config from "/home/user/studio/dataconnect": could not find dataconnect.yaml in `/home/user/studio/dataconnect`
 {"metadata":{"emulator":{"name":"dataconnect"},"message":"E0609 21:56:50.370824    4703 load.go:23] Could not load config from \"/home/user/studio/dataconnect\": could not find dataconnect.yaml in `/home/user/studio/dataconnect`\n"}}
[debug] [2025-06-09T21:57:00.372Z] E0609 21:57:00.371353    4703 load.go:23] Could not load config from "/home/user/studio/dataconnect": could not find dataconnect.yaml in `/home/user/studio/dataconnect`
 {"metadata":{"emulator":{"name":"dataconnect"},"message":"E0609 21:57:00.371353    4703 load.go:23] Could not load config from \"/home/user/studio/dataconnect\": could not find dataconnect.yaml in `/home/user/studio/dataconnect`\n"}}
[debug] [2025-06-09T21:57:10.368Z] E0609 21:57:10.361969    4703 load.go:23] Could not load config from "/home/user/studio/dataconnect": could not find dataconnect.yaml in `/home/user/studio/dataconnect`
 {"metadata":{"emulator":{"name":"dataconnect"},"message":"E0609 21:57:10.361969    4703 load.go:23] Could not load config from \"/home/user/studio/dataconnect\": could not find dataconnect.yaml in `/home/user/studio/dataconnect`\n"}}
[debug] [2025-06-09T21:57:20.383Z] E0609 21:57:20.365593    4703 load.go:23] Could not load config from "/home/user/studio/dataconnect": could not find dataconnect.yaml in `/home/user/studio/dataconnect`
 {"metadata":{"emulator":{"name":"dataconnect"},"message":"E0609 21:57:20.365593    4703 load.go:23] Could not load config from \"/home/user/studio/dataconnect\": could not find dataconnect.yaml in `/home/user/studio/dataconnect`\n"}}
[debug] [2025-06-09T21:57:30.379Z] E0609 21:57:30.361256    4703 load.go:23] Could not load config from "/home/user/studio/dataconnect": could not find dataconnect.yaml in `/home/user/studio/dataconnect`
 {"metadata":{"emulator":{"name":"dataconnect"},"message":"E0609 21:57:30.361256    4703 load.go:23] Could not load config from \"/home/user/studio/dataconnect\": could not find dataconnect.yaml in `/home/user/studio/dataconnect`\n"}}
[debug] [2025-06-09T21:57:40.383Z] E0609 21:57:40.361185    4703 load.go:23] Could not load config from "/home/user/studio/dataconnect": could not find dataconnect.yaml in `/home/user/studio/dataconnect`
 {"metadata":{"emulator":{"name":"dataconnect"},"message":"E0609 21:57:40.361185    4703 load.go:23] Could not load config from \"/home/user/studio/dataconnect\": could not find dataconnect.yaml in `/home/user/studio/dataconnect`\n"}}
[debug] [2025-06-09T21:57:50.387Z] E0609 21:57:50.369752    4703 load.go:23] Could not load config from "/home/user/studio/dataconnect": could not find dataconnect.yaml in `/home/user/studio/dataconnect`
 {"metadata":{"emulator":{"name":"dataconnect"},"message":"E0609 21:57:50.369752    4703 load.go:23] Could not load config from \"/home/user/studio/dataconnect\": could not find dataconnect.yaml in `/home/user/studio/dataconnect`\n"}}
[debug] [2025-06-09T21:58:00.406Z] E0609 21:58:00.370743    4703 load.go:23] Could not load config from "/home/user/studio/dataconnect": could not find dataconnect.yaml in `/home/user/studio/dataconnect`
 {"metadata":{"emulator":{"name":"dataconnect"},"message":"E0609 21:58:00.370743    4703 load.go:23] Could not load config from \"/home/user/studio/dataconnect\": could not find dataconnect.yaml in `/home/user/studio/dataconnect`\n"}}
[debug] [2025-06-09T21:58:10.362Z] E0609 21:58:10.361949    4703 load.go:23] Could not load config from "/home/user/studio/dataconnect": could not find dataconnect.yaml in `/home/user/studio/dataconnect`
 {"metadata":{"emulator":{"name":"dataconnect"},"message":"E0609 21:58:10.361949    4703 load.go:23] Could not load config from \"/home/user/studio/dataconnect\": could not find dataconnect.yaml in `/home/user/studio/dataconnect`\n"}}
[debug] [2025-06-09T21:58:20.371Z] E0609 21:58:20.370765    4703 load.go:23] Could not load config from "/home/user/studio/dataconnect": could not find dataconnect.yaml in `/home/user/studio/dataconnect`
 {"metadata":{"emulator":{"name":"dataconnect"},"message":"E0609 21:58:20.370765    4703 load.go:23] Could not load config from \"/home/user/studio/dataconnect\": could not find dataconnect.yaml in `/home/user/studio/dataconnect`\n"}}
[debug] [2025-06-09T21:58:30.362Z] E0609 21:58:30.361950    4703 load.go:23] Could not load config from "/home/user/studio/dataconnect": could not find dataconnect.yaml in `/home/user/studio/dataconnect`
 {"metadata":{"emulator":{"name":"dataconnect"},"message":"E0609 21:58:30.361950    4703 load.go:23] Could not load config from \"/home/user/studio/dataconnect\": could not find dataconnect.yaml in `/home/user/studio/dataconnect`\n"}}
[debug] [2025-06-09T21:58:40.361Z] E0609 21:58:40.361402    4703 load.go:23] Could not load config from "/home/user/studio/dataconnect": could not find dataconnect.yaml in `/home/user/studio/dataconnect`
E0609 21:58:40.361490    4703 watch.go:76] watchAllDir unable to walk dir `/home/user/studio/dataconnect`: on path "/home/user/studio/dataconnect" (DirEntry: <nil>): lstat /home/user/studio/dataconnect: no such file or directory
 {"metadata":{"emulator":{"name":"dataconnect"},"message":"E0609 21:58:40.361402    4703 load.go:23] Could not load config from \"/home/user/studio/dataconnect\": could not find dataconnect.yaml in `/home/user/studio/dataconnect`\nE0609 21:58:40.361490    4703 watch.go:76] watchAllDir unable to walk dir `/home/user/studio/dataconnect`: on path \"/home/user/studio/dataconnect\" (DirEntry: <nil>): lstat /home/user/studio/dataconnect: no such file or directory\n"}}
[debug] [2025-06-09T21:58:50.362Z] E0609 21:58:50.362122    4703 load.go:23] Could not load config from "/home/user/studio/dataconnect": could not find dataconnect.yaml in `/home/user/studio/dataconnect`
 {"metadata":{"emulator":{"name":"dataconnect"},"message":"E0609 21:58:50.362122    4703 load.go:23] Could not load config from \"/home/user/studio/dataconnect\": could not find dataconnect.yaml in `/home/user/studio/dataconnect`\n"}}
[debug] [2025-06-09T21:59:00.370Z] E0609 21:59:00.369772    4703 load.go:23] Could not load config from "/home/user/studio/dataconnect": could not find dataconnect.yaml in `/home/user/studio/dataconnect`
 {"metadata":{"emulator":{"name":"dataconnect"},"message":"E0609 21:59:00.369772    4703 load.go:23] Could not load config from \"/home/user/studio/dataconnect\": could not find dataconnect.yaml in `/home/user/studio/dataconnect`\n"}}
[debug] [2025-06-09T21:59:10.362Z] E0609 21:59:10.361981    4703 load.go:23] Could not load config from "/home/user/studio/dataconnect": could not find dataconnect.yaml in `/home/user/studio/dataconnect`
 {"metadata":{"emulator":{"name":"dataconnect"},"message":"E0609 21:59:10.361981    4703 load.go:23] Could not load config from \"/home/user/studio/dataconnect\": could not find dataconnect.yaml in `/home/user/studio/dataconnect`\n"}}
[debug] [2025-06-09T21:59:20.373Z] E0609 21:59:20.371930    4703 load.go:23] Could not load config from "/home/user/studio/dataconnect": could not find dataconnect.yaml in `/home/user/studio/dataconnect`
 {"metadata":{"emulator":{"name":"dataconnect"},"message":"E0609 21:59:20.371930    4703 load.go:23] Could not load config from \"/home/user/studio/dataconnect\": could not find dataconnect.yaml in `/home/user/studio/dataconnect`\n"}}
[debug] [2025-06-09T21:59:30.362Z] E0609 21:59:30.361376    4703 load.go:23] Could not load config from "/home/user/studio/dataconnect": could not find dataconnect.yaml in `/home/user/studio/dataconnect`
 {"metadata":{"emulator":{"name":"dataconnect"},"message":"E0609 21:59:30.361376    4703 load.go:23] Could not load config from \"/home/user/studio/dataconnect\": could not find dataconnect.yaml in `/home/user/studio/dataconnect`\n"}}
[debug] [2025-06-09T21:59:40.362Z] E0609 21:59:40.362232    4703 load.go:23] Could not load config from "/home/user/studio/dataconnect": could not find dataconnect.yaml in `/home/user/studio/dataconnect`
 {"metadata":{"emulator":{"name":"dataconnect"},"message":"E0609 21:59:40.362232    4703 load.go:23] Could not load config from \"/home/user/studio/dataconnect\": could not find dataconnect.yaml in `/home/user/studio/dataconnect`\n"}}
[debug] [2025-06-09T21:59:50.368Z] E0609 21:59:50.367903    4703 load.go:23] Could not load config from "/home/user/studio/dataconnect": could not find dataconnect.yaml in `/home/user/studio/dataconnect`
 {"metadata":{"emulator":{"name":"dataconnect"},"message":"E0609 21:59:50.367903    4703 load.go:23] Could not load config from \"/home/user/studio/dataconnect\": could not find dataconnect.yaml in `/home/user/studio/dataconnect`\n"}}
[debug] [2025-06-09T22:00:00.367Z] E0609 22:00:00.366825    4703 load.go:23] Could not load config from "/home/user/studio/dataconnect": could not find dataconnect.yaml in `/home/user/studio/dataconnect`
 {"metadata":{"emulator":{"name":"dataconnect"},"message":"E0609 22:00:00.366825    4703 load.go:23] Could not load config from \"/home/user/studio/dataconnect\": could not find dataconnect.yaml in `/home/user/studio/dataconnect`\n"}}
[debug] [2025-06-09T22:00:10.362Z] E0609 22:00:10.361967    4703 load.go:23] Could not load config from "/home/user/studio/dataconnect": could not find dataconnect.yaml in `/home/user/studio/dataconnect`
 {"metadata":{"emulator":{"name":"dataconnect"},"message":"E0609 22:00:10.361967    4703 load.go:23] Could not load config from \"/home/user/studio/dataconnect\": could not find dataconnect.yaml in `/home/user/studio/dataconnect`\n"}}
[debug] [2025-06-09T22:00:20.361Z] E0609 22:00:20.361248    4703 load.go:23] Could not load config from "/home/user/studio/dataconnect": could not find dataconnect.yaml in `/home/user/studio/dataconnect`
 {"metadata":{"emulator":{"name":"dataconnect"},"message":"E0609 22:00:20.361248    4703 load.go:23] Could not load config from \"/home/user/studio/dataconnect\": could not find dataconnect.yaml in `/home/user/studio/dataconnect`\n"}}
[debug] [2025-06-09T22:00:30.370Z] E0609 22:00:30.369745    4703 load.go:23] Could not load config from "/home/user/studio/dataconnect": could not find dataconnect.yaml in `/home/user/studio/dataconnect`
 {"metadata":{"emulator":{"name":"dataconnect"},"message":"E0609 22:00:30.369745    4703 load.go:23] Could not load config from \"/home/user/studio/dataconnect\": could not find dataconnect.yaml in `/home/user/studio/dataconnect`\n"}}
[debug] [2025-06-09T22:00:40.362Z] E0609 22:00:40.362049    4703 load.go:23] Could not load config from "/home/user/studio/dataconnect": could not find dataconnect.yaml in `/home/user/studio/dataconnect`
E0609 22:00:40.362124    4703 watch.go:76] watchAllDir unable to walk dir `/home/user/studio/dataconnect`: on path "/home/user/studio/dataconnect" (DirEntry: <nil>): lstat /home/user/studio/dataconnect: no such file or directory
 {"metadata":{"emulator":{"name":"dataconnect"},"message":"E0609 22:00:40.362049    4703 load.go:23] Could not load config from \"/home/user/studio/dataconnect\": could not find dataconnect.yaml in `/home/user/studio/dataconnect`\nE0609 22:00:40.362124    4703 watch.go:76] watchAllDir unable to walk dir `/home/user/studio/dataconnect`: on path \"/home/user/studio/dataconnect\" (DirEntry: <nil>): lstat /home/user/studio/dataconnect: no such file or directory\n"}}
[debug] [2025-06-09T22:00:50.366Z] E0609 22:00:50.366169    4703 load.go:23] Could not load config from "/home/user/studio/dataconnect": could not find dataconnect.yaml in `/home/user/studio/dataconnect`
 {"metadata":{"emulator":{"name":"dataconnect"},"message":"E0609 22:00:50.366169    4703 load.go:23] Could not load config from \"/home/user/studio/dataconnect\": could not find dataconnect.yaml in `/home/user/studio/dataconnect`\n"}}
[debug] [2025-06-09T22:01:00.361Z] E0609 22:01:00.361321    4703 load.go:23] Could not load config from "/home/user/studio/dataconnect": could not find dataconnect.yaml in `/home/user/studio/dataconnect`
 {"metadata":{"emulator":{"name":"dataconnect"},"message":"E0609 22:01:00.361321    4703 load.go:23] Could not load config from \"/home/user/studio/dataconnect\": could not find dataconnect.yaml in `/home/user/studio/dataconnect`\n"}}
[debug] [2025-06-09T22:01:10.362Z] E0609 22:01:10.362002    4703 load.go:23] Could not load config from "/home/user/studio/dataconnect": could not find dataconnect.yaml in `/home/user/studio/dataconnect`
 {"metadata":{"emulator":{"name":"dataconnect"},"message":"E0609 22:01:10.362002    4703 load.go:23] Could not load config from \"/home/user/studio/dataconnect\": could not find dataconnect.yaml in `/home/user/studio/dataconnect`\n"}}
[debug] [2025-06-09T22:01:20.361Z] E0609 22:01:20.361254    4703 load.go:23] Could not load config from "/home/user/studio/dataconnect": could not find dataconnect.yaml in `/home/user/studio/dataconnect`
 {"metadata":{"emulator":{"name":"dataconnect"},"message":"E0609 22:01:20.361254    4703 load.go:23] Could not load config from \"/home/user/studio/dataconnect\": could not find dataconnect.yaml in `/home/user/studio/dataconnect`\n"}}
[debug] [2025-06-09T22:01:30.378Z] E0609 22:01:30.377642    4703 load.go:23] Could not load config from "/home/user/studio/dataconnect": could not find dataconnect.yaml in `/home/user/studio/dataconnect`
 {"metadata":{"emulator":{"name":"dataconnect"},"message":"E0609 22:01:30.377642    4703 load.go:23] Could not load config from \"/home/user/studio/dataconnect\": could not find dataconnect.yaml in `/home/user/studio/dataconnect`\n"}}
[debug] [2025-06-09T22:01:40.361Z] E0609 22:01:40.361293    4703 load.go:23] Could not load config from "/home/user/studio/dataconnect": could not find dataconnect.yaml in `/home/user/studio/dataconnect`
 {"metadata":{"emulator":{"name":"dataconnect"},"message":"E0609 22:01:40.361293    4703 load.go:23] Could not load config from \"/home/user/studio/dataconnect\": could not find dataconnect.yaml in `/home/user/studio/dataconnect`\n"}}
[debug] [2025-06-09T22:01:50.370Z] E0609 22:01:50.369763    4703 load.go:23] Could not load config from "/home/user/studio/dataconnect": could not find dataconnect.yaml in `/home/user/studio/dataconnect`
 {"metadata":{"emulator":{"name":"dataconnect"},"message":"E0609 22:01:50.369763    4703 load.go:23] Could not load config from \"/home/user/studio/dataconnect\": could not find dataconnect.yaml in `/home/user/studio/dataconnect`\n"}}
[debug] [2025-06-09T22:02:00.368Z] E0609 22:02:00.367777    4703 load.go:23] Could not load config from "/home/user/studio/dataconnect": could not find dataconnect.yaml in `/home/user/studio/dataconnect`
 {"metadata":{"emulator":{"name":"dataconnect"},"message":"E0609 22:02:00.367777    4703 load.go:23] Could not load config from \"/home/user/studio/dataconnect\": could not find dataconnect.yaml in `/home/user/studio/dataconnect`\n"}}
[debug] [2025-06-09T22:02:10.361Z] E0609 22:02:10.361246    4703 load.go:23] Could not load config from "/home/user/studio/dataconnect": could not find dataconnect.yaml in `/home/user/studio/dataconnect`
 {"metadata":{"emulator":{"name":"dataconnect"},"message":"E0609 22:02:10.361246    4703 load.go:23] Could not load config from \"/home/user/studio/dataconnect\": could not find dataconnect.yaml in `/home/user/studio/dataconnect`\n"}}
[debug] [2025-06-09T22:02:20.370Z] E0609 22:02:20.369772    4703 load.go:23] Could not load config from "/home/user/studio/dataconnect": could not find dataconnect.yaml in `/home/user/studio/dataconnect`
 {"metadata":{"emulator":{"name":"dataconnect"},"message":"E0609 22:02:20.369772    4703 load.go:23] Could not load config from \"/home/user/studio/dataconnect\": could not find dataconnect.yaml in `/home/user/studio/dataconnect`\n"}}
[debug] [2025-06-09T22:02:30.370Z] E0609 22:02:30.370735    4703 load.go:23] Could not load config from "/home/user/studio/dataconnect": could not find dataconnect.yaml in `/home/user/studio/dataconnect`
 {"metadata":{"emulator":{"name":"dataconnect"},"message":"E0609 22:02:30.370735    4703 load.go:23] Could not load config from \"/home/user/studio/dataconnect\": could not find dataconnect.yaml in `/home/user/studio/dataconnect`\n"}}
[debug] [2025-06-09T22:02:40.362Z] E0609 22:02:40.361976    4703 load.go:23] Could not load config from "/home/user/studio/dataconnect": could not find dataconnect.yaml in `/home/user/studio/dataconnect`
 {"metadata":{"emulator":{"name":"dataconnect"},"message":"E0609 22:02:40.361976    4703 load.go:23] Could not load config from \"/home/user/studio/dataconnect\": could not find dataconnect.yaml in `/home/user/studio/dataconnect`\n"}}
[debug] [2025-06-09T22:02:40.365Z] E0609 22:02:40.363049    4703 watch.go:76] watchAllDir unable to walk dir `/home/user/studio/dataconnect`: on path "/home/user/studio/dataconnect" (DirEntry: <nil>): lstat /home/user/studio/dataconnect: no such file or directory
 {"metadata":{"emulator":{"name":"dataconnect"},"message":"E0609 22:02:40.363049    4703 watch.go:76] watchAllDir unable to walk dir `/home/user/studio/dataconnect`: on path \"/home/user/studio/dataconnect\" (DirEntry: <nil>): lstat /home/user/studio/dataconnect: no such file or directory\n"}}
[debug] [2025-06-09T22:02:50.371Z] E0609 22:02:50.369810    4703 load.go:23] Could not load config from "/home/user/studio/dataconnect": could not find dataconnect.yaml in `/home/user/studio/dataconnect`
 {"metadata":{"emulator":{"name":"dataconnect"},"message":"E0609 22:02:50.369810    4703 load.go:23] Could not load config from \"/home/user/studio/dataconnect\": could not find dataconnect.yaml in `/home/user/studio/dataconnect`\n"}}
[debug] [2025-06-09T22:03:00.370Z] E0609 22:03:00.370312    4703 load.go:23] Could not load config from "/home/user/studio/dataconnect": could not find dataconnect.yaml in `/home/user/studio/dataconnect`
 {"metadata":{"emulator":{"name":"dataconnect"},"message":"E0609 22:03:00.370312    4703 load.go:23] Could not load config from \"/home/user/studio/dataconnect\": could not find dataconnect.yaml in `/home/user/studio/dataconnect`\n"}}
[debug] [2025-06-09T22:03:10.362Z] E0609 22:03:10.362007    4703 load.go:23] Could not load config from "/home/user/studio/dataconnect": could not find dataconnect.yaml in `/home/user/studio/dataconnect`
 {"metadata":{"emulator":{"name":"dataconnect"},"message":"E0609 22:03:10.362007    4703 load.go:23] Could not load config from \"/home/user/studio/dataconnect\": could not find dataconnect.yaml in `/home/user/studio/dataconnect`\n"}}
[debug] [2025-06-09T22:03:20.371Z] E0609 22:03:20.370771    4703 load.go:23] Could not load config from "/home/user/studio/dataconnect": could not find dataconnect.yaml in `/home/user/studio/dataconnect`
 {"metadata":{"emulator":{"name":"dataconnect"},"message":"E0609 22:03:20.370771    4703 load.go:23] Could not load config from \"/home/user/studio/dataconnect\": could not find dataconnect.yaml in `/home/user/studio/dataconnect`\n"}}
[debug] [2025-06-09T22:03:30.369Z] E0609 22:03:30.368983    4703 load.go:23] Could not load config from "/home/user/studio/dataconnect": could not find dataconnect.yaml in `/home/user/studio/dataconnect`
 {"metadata":{"emulator":{"name":"dataconnect"},"message":"E0609 22:03:30.368983    4703 load.go:23] Could not load config from \"/home/user/studio/dataconnect\": could not find dataconnect.yaml in `/home/user/studio/dataconnect`\n"}}
[debug] [2025-06-09T22:03:40.361Z] E0609 22:03:40.361328    4703 load.go:23] Could not load config from "/home/user/studio/dataconnect": could not find dataconnect.yaml in `/home/user/studio/dataconnect`
 {"metadata":{"emulator":{"name":"dataconnect"},"message":"E0609 22:03:40.361328    4703 load.go:23] Could not load config from \"/home/user/studio/dataconnect\": could not find dataconnect.yaml in `/home/user/studio/dataconnect`\n"}}
[debug] [2025-06-09T22:03:50.369Z] E0609 22:03:50.369399    4703 load.go:23] Could not load config from "/home/user/studio/dataconnect": could not find dataconnect.yaml in `/home/user/studio/dataconnect`
 {"metadata":{"emulator":{"name":"dataconnect"},"message":"E0609 22:03:50.369399    4703 load.go:23] Could not load config from \"/home/user/studio/dataconnect\": could not find dataconnect.yaml in `/home/user/studio/dataconnect`\n"}}
[debug] [2025-06-09T22:04:00.370Z] E0609 22:04:00.369762    4703 load.go:23] Could not load config from "/home/user/studio/dataconnect": could not find dataconnect.yaml in `/home/user/studio/dataconnect`
 {"metadata":{"emulator":{"name":"dataconnect"},"message":"E0609 22:04:00.369762    4703 load.go:23] Could not load config from \"/home/user/studio/dataconnect\": could not find dataconnect.yaml in `/home/user/studio/dataconnect`\n"}}
[debug] [2025-06-09T22:04:10.362Z] E0609 22:04:10.361788    4703 load.go:23] Could not load config from "/home/user/studio/dataconnect": could not find dataconnect.yaml in `/home/user/studio/dataconnect`
 {"metadata":{"emulator":{"name":"dataconnect"},"message":"E0609 22:04:10.361788    4703 load.go:23] Could not load config from \"/home/user/studio/dataconnect\": could not find dataconnect.yaml in `/home/user/studio/dataconnect`\n"}}
[debug] [2025-06-09T22:04:20.505Z] E0609 22:04:20.369747    4703 load.go:23] Could not load config from "/home/user/studio/dataconnect": could not find dataconnect.yaml in `/home/user/studio/dataconnect`
 {"metadata":{"emulator":{"name":"dataconnect"},"message":"E0609 22:04:20.369747    4703 load.go:23] Could not load config from \"/home/user/studio/dataconnect\": could not find dataconnect.yaml in `/home/user/studio/dataconnect`\n"}}
